  [1m[36m (426.6ms)[0m  [1mCREATE DATABASE "db/narwhals_backend_dev" ENCODING = 'utf8'[0m
  [1m[36m (14.3ms)[0m  [1mCREATE TABLE "schema_migrations" ("version" character varying NOT NULL) [0m
  [1m[35m (1.4ms)[0m  CREATE UNIQUE INDEX  "unique_schema_migrations" ON "schema_migrations"  ("version")
  [1m[36mActiveRecord::SchemaMigration Load (2.1ms)[0m  [1mSELECT "schema_migrations".* FROM "schema_migrations"[0m
Migrating to CreateUsers (20150307040846)
  [1m[35m (0.2ms)[0m  BEGIN
  [1m[36m (15.3ms)[0m  [1mCREATE TABLE "users" ("id" serial primary key, "email" character varying, "password" character varying, "access_token" character varying, "created_at" timestamp NOT NULL, "updated_at" timestamp NOT NULL) [0m
  [1m[35mSQL (0.3ms)[0m  INSERT INTO "schema_migrations" ("version") VALUES ($1)  [["version", "20150307040846"]]
  [1m[36m (6.5ms)[0m  [1mCOMMIT[0m
  [1m[35mActiveRecord::SchemaMigration Load (0.2ms)[0m  SELECT "schema_migrations".* FROM "schema_migrations"
  [1m[36m (2.1ms)[0m  [1mSELECT t2.oid::regclass::text AS to_table, a1.attname AS column, a2.attname AS primary_key, c.conname AS name, c.confupdtype AS on_update, c.confdeltype AS on_delete
FROM pg_constraint c
JOIN pg_class t1 ON c.conrelid = t1.oid
JOIN pg_class t2 ON c.confrelid = t2.oid
JOIN pg_attribute a1 ON a1.attnum = c.conkey[1] AND a1.attrelid = t1.oid
JOIN pg_attribute a2 ON a2.attnum = c.confkey[1] AND a2.attrelid = t2.oid
JOIN pg_namespace t3 ON c.connamespace = t3.oid
WHERE c.contype = 'f'
  AND t1.relname = 'users'
  AND t3.nspname = ANY (current_schemas(false))
ORDER BY c.conname
[0m


Started GET "/" for 127.0.0.1 at 2015-03-06 20:11:22 -0800
  [1m[36mActiveRecord::SchemaMigration Load (0.4ms)[0m  [1mSELECT "schema_migrations".* FROM "schema_migrations"[0m
Processing by Rails::WelcomeController#index as HTML
  Rendered /opt/boxen/rbenv/versions/2.1.5/lib/ruby/gems/2.1.0/gems/railties-4.2.0/lib/rails/templates/rails/welcome/index.html.erb (4.1ms)
Completed 200 OK in 50ms (Views: 39.7ms | ActiveRecord: 0.0ms)


Started GET "/users" for 127.0.0.1 at 2015-03-06 20:11:25 -0800

ActionController::RoutingError (No route matches [GET] "/users"):
  actionpack (4.2.0) lib/action_dispatch/middleware/debug_exceptions.rb:21:in `call'
  web-console (2.1.1) lib/web_console/middleware.rb:37:in `call'
  actionpack (4.2.0) lib/action_dispatch/middleware/show_exceptions.rb:30:in `call'
  railties (4.2.0) lib/rails/rack/logger.rb:38:in `call_app'
  railties (4.2.0) lib/rails/rack/logger.rb:20:in `block in call'
  activesupport (4.2.0) lib/active_support/tagged_logging.rb:68:in `block in tagged'
  activesupport (4.2.0) lib/active_support/tagged_logging.rb:26:in `tagged'
  activesupport (4.2.0) lib/active_support/tagged_logging.rb:68:in `tagged'
  railties (4.2.0) lib/rails/rack/logger.rb:20:in `call'
  actionpack (4.2.0) lib/action_dispatch/middleware/request_id.rb:21:in `call'
  rack (1.6.0) lib/rack/methodoverride.rb:22:in `call'
  rack (1.6.0) lib/rack/runtime.rb:18:in `call'
  activesupport (4.2.0) lib/active_support/cache/strategy/local_cache_middleware.rb:28:in `call'
  rack (1.6.0) lib/rack/lock.rb:17:in `call'
  actionpack (4.2.0) lib/action_dispatch/middleware/static.rb:113:in `call'
  rack (1.6.0) lib/rack/sendfile.rb:113:in `call'
  railties (4.2.0) lib/rails/engine.rb:518:in `call'
  railties (4.2.0) lib/rails/application.rb:164:in `call'
  rack (1.6.0) lib/rack/lock.rb:17:in `call'
  rack (1.6.0) lib/rack/content_length.rb:15:in `call'
  rack (1.6.0) lib/rack/handler/webrick.rb:89:in `service'
  /opt/boxen/rbenv/versions/2.1.5/lib/ruby/2.1.0/webrick/httpserver.rb:138:in `service'
  /opt/boxen/rbenv/versions/2.1.5/lib/ruby/2.1.0/webrick/httpserver.rb:94:in `run'
  /opt/boxen/rbenv/versions/2.1.5/lib/ruby/2.1.0/webrick/server.rb:295:in `block in start_thread'


  Rendered /opt/boxen/rbenv/versions/2.1.5/lib/ruby/gems/2.1.0/gems/actionpack-4.2.0/lib/action_dispatch/middleware/templates/rescues/_trace.html.erb (1.3ms)
  Rendered /opt/boxen/rbenv/versions/2.1.5/lib/ruby/gems/2.1.0/gems/actionpack-4.2.0/lib/action_dispatch/middleware/templates/routes/_route.html.erb (1.0ms)
  Rendered /opt/boxen/rbenv/versions/2.1.5/lib/ruby/gems/2.1.0/gems/actionpack-4.2.0/lib/action_dispatch/middleware/templates/routes/_table.html.erb (25.4ms)
  Rendered /opt/boxen/rbenv/versions/2.1.5/lib/ruby/gems/2.1.0/gems/actionpack-4.2.0/lib/action_dispatch/middleware/templates/rescues/_request_and_response.html.erb (1.1ms)
  Rendered /opt/boxen/rbenv/versions/2.1.5/lib/ruby/gems/2.1.0/gems/actionpack-4.2.0/lib/action_dispatch/middleware/templates/rescues/routing_error.html.erb within rescues/layout (95.2ms)
  Rendered /opt/boxen/rbenv/versions/2.1.5/lib/ruby/gems/2.1.0/gems/web-console-2.1.1/lib/web_console/templates/_markup.html (0.3ms)
  Rendered /opt/boxen/rbenv/versions/2.1.5/lib/ruby/gems/2.1.0/gems/web-console-2.1.1/lib/web_console/templates/style.css within layouts/inlined_string (0.2ms)
  Rendered /opt/boxen/rbenv/versions/2.1.5/lib/ruby/gems/2.1.0/gems/web-console-2.1.1/lib/web_console/templates/_inner_console_markup.html within layouts/inlined_string (0.2ms)
  Rendered /opt/boxen/rbenv/versions/2.1.5/lib/ruby/gems/2.1.0/gems/web-console-2.1.1/lib/web_console/templates/_prompt_box_markup.html within layouts/inlined_string (0.2ms)
  Rendered /opt/boxen/rbenv/versions/2.1.5/lib/ruby/gems/2.1.0/gems/web-console-2.1.1/lib/web_console/templates/console.js within layouts/javascript (14.5ms)
  Rendered /opt/boxen/rbenv/versions/2.1.5/lib/ruby/gems/2.1.0/gems/web-console-2.1.1/lib/web_console/templates/main.js within layouts/javascript (0.2ms)
  Rendered /opt/boxen/rbenv/versions/2.1.5/lib/ruby/gems/2.1.0/gems/web-console-2.1.1/lib/web_console/templates/error_page.js within layouts/javascript (0.3ms)
  Rendered /opt/boxen/rbenv/versions/2.1.5/lib/ruby/gems/2.1.0/gems/web-console-2.1.1/lib/web_console/templates/index.html (31.2ms)


Started POST "/users" for 127.0.0.1 at 2015-03-06 20:12:18 -0800

ActionController::RoutingError (No route matches [POST] "/users"):
  actionpack (4.2.0) lib/action_dispatch/middleware/debug_exceptions.rb:21:in `call'
  web-console (2.1.1) lib/web_console/middleware.rb:37:in `call'
  actionpack (4.2.0) lib/action_dispatch/middleware/show_exceptions.rb:30:in `call'
  railties (4.2.0) lib/rails/rack/logger.rb:38:in `call_app'
  railties (4.2.0) lib/rails/rack/logger.rb:20:in `block in call'
  activesupport (4.2.0) lib/active_support/tagged_logging.rb:68:in `block in tagged'
  activesupport (4.2.0) lib/active_support/tagged_logging.rb:26:in `tagged'
  activesupport (4.2.0) lib/active_support/tagged_logging.rb:68:in `tagged'
  railties (4.2.0) lib/rails/rack/logger.rb:20:in `call'
  actionpack (4.2.0) lib/action_dispatch/middleware/request_id.rb:21:in `call'
  rack (1.6.0) lib/rack/methodoverride.rb:22:in `call'
  rack (1.6.0) lib/rack/runtime.rb:18:in `call'
  activesupport (4.2.0) lib/active_support/cache/strategy/local_cache_middleware.rb:28:in `call'
  rack (1.6.0) lib/rack/lock.rb:17:in `call'
  actionpack (4.2.0) lib/action_dispatch/middleware/static.rb:113:in `call'
  rack (1.6.0) lib/rack/sendfile.rb:113:in `call'
  railties (4.2.0) lib/rails/engine.rb:518:in `call'
  railties (4.2.0) lib/rails/application.rb:164:in `call'
  rack (1.6.0) lib/rack/lock.rb:17:in `call'
  rack (1.6.0) lib/rack/content_length.rb:15:in `call'
  rack (1.6.0) lib/rack/handler/webrick.rb:89:in `service'
  /opt/boxen/rbenv/versions/2.1.5/lib/ruby/2.1.0/webrick/httpserver.rb:138:in `service'
  /opt/boxen/rbenv/versions/2.1.5/lib/ruby/2.1.0/webrick/httpserver.rb:94:in `run'
  /opt/boxen/rbenv/versions/2.1.5/lib/ruby/2.1.0/webrick/server.rb:295:in `block in start_thread'


  Rendered /opt/boxen/rbenv/versions/2.1.5/lib/ruby/gems/2.1.0/gems/actionpack-4.2.0/lib/action_dispatch/middleware/templates/rescues/_trace.html.erb (1.0ms)
  Rendered /opt/boxen/rbenv/versions/2.1.5/lib/ruby/gems/2.1.0/gems/actionpack-4.2.0/lib/action_dispatch/middleware/templates/routes/_route.html.erb (0.6ms)
  Rendered /opt/boxen/rbenv/versions/2.1.5/lib/ruby/gems/2.1.0/gems/actionpack-4.2.0/lib/action_dispatch/middleware/templates/routes/_table.html.erb (1.4ms)
  Rendered /opt/boxen/rbenv/versions/2.1.5/lib/ruby/gems/2.1.0/gems/actionpack-4.2.0/lib/action_dispatch/middleware/templates/rescues/_request_and_response.html.erb (1.0ms)
  Rendered /opt/boxen/rbenv/versions/2.1.5/lib/ruby/gems/2.1.0/gems/actionpack-4.2.0/lib/action_dispatch/middleware/templates/rescues/routing_error.html.erb within rescues/layout (18.3ms)
  Rendered /opt/boxen/rbenv/versions/2.1.5/lib/ruby/gems/2.1.0/gems/web-console-2.1.1/lib/web_console/templates/_markup.html (0.2ms)
  Rendered /opt/boxen/rbenv/versions/2.1.5/lib/ruby/gems/2.1.0/gems/web-console-2.1.1/lib/web_console/templates/style.css within layouts/inlined_string (0.2ms)
  Rendered /opt/boxen/rbenv/versions/2.1.5/lib/ruby/gems/2.1.0/gems/web-console-2.1.1/lib/web_console/templates/_inner_console_markup.html within layouts/inlined_string (0.2ms)
  Rendered /opt/boxen/rbenv/versions/2.1.5/lib/ruby/gems/2.1.0/gems/web-console-2.1.1/lib/web_console/templates/_prompt_box_markup.html within layouts/inlined_string (0.2ms)
  Rendered /opt/boxen/rbenv/versions/2.1.5/lib/ruby/gems/2.1.0/gems/web-console-2.1.1/lib/web_console/templates/console.js within layouts/javascript (12.1ms)
  Rendered /opt/boxen/rbenv/versions/2.1.5/lib/ruby/gems/2.1.0/gems/web-console-2.1.1/lib/web_console/templates/main.js within layouts/javascript (0.2ms)
  Rendered /opt/boxen/rbenv/versions/2.1.5/lib/ruby/gems/2.1.0/gems/web-console-2.1.1/lib/web_console/templates/error_page.js within layouts/javascript (0.4ms)
  Rendered /opt/boxen/rbenv/versions/2.1.5/lib/ruby/gems/2.1.0/gems/web-console-2.1.1/lib/web_console/templates/index.html (26.2ms)


Started POST "/v1/users" for 127.0.0.1 at 2015-03-06 20:12:28 -0800

SyntaxError (/Users/ehuang/Code/narwhals_backend/app/controllers/v1/v1_controller.rb:18: syntax error, unexpected end-of-input, expecting keyword_end):
  app/controllers/v1/v1_controller.rb:18: syntax error, unexpected end-of-input, expecting keyword_end
  app/controllers/v1/users_controller.rb:2:in `<module:V1>'
  app/controllers/v1/users_controller.rb:1:in `<top (required)>'


  Rendered /opt/boxen/rbenv/versions/2.1.5/lib/ruby/gems/2.1.0/gems/actionpack-4.2.0/lib/action_dispatch/middleware/templates/rescues/_source.erb (4.7ms)
  Rendered /opt/boxen/rbenv/versions/2.1.5/lib/ruby/gems/2.1.0/gems/actionpack-4.2.0/lib/action_dispatch/middleware/templates/rescues/_trace.html.erb (1.7ms)
  Rendered /opt/boxen/rbenv/versions/2.1.5/lib/ruby/gems/2.1.0/gems/actionpack-4.2.0/lib/action_dispatch/middleware/templates/rescues/_request_and_response.html.erb (0.7ms)
  Rendered /opt/boxen/rbenv/versions/2.1.5/lib/ruby/gems/2.1.0/gems/actionpack-4.2.0/lib/action_dispatch/middleware/templates/rescues/diagnostics.html.erb within rescues/layout (22.0ms)
  Rendered /opt/boxen/rbenv/versions/2.1.5/lib/ruby/gems/2.1.0/gems/web-console-2.1.1/lib/web_console/templates/_markup.html (0.2ms)
  Rendered /opt/boxen/rbenv/versions/2.1.5/lib/ruby/gems/2.1.0/gems/web-console-2.1.1/lib/web_console/templates/style.css within layouts/inlined_string (0.2ms)
  Rendered /opt/boxen/rbenv/versions/2.1.5/lib/ruby/gems/2.1.0/gems/web-console-2.1.1/lib/web_console/templates/_inner_console_markup.html within layouts/inlined_string (0.2ms)
  Rendered /opt/boxen/rbenv/versions/2.1.5/lib/ruby/gems/2.1.0/gems/web-console-2.1.1/lib/web_console/templates/_prompt_box_markup.html within layouts/inlined_string (0.3ms)
  Rendered /opt/boxen/rbenv/versions/2.1.5/lib/ruby/gems/2.1.0/gems/web-console-2.1.1/lib/web_console/templates/console.js within layouts/javascript (11.6ms)
  Rendered /opt/boxen/rbenv/versions/2.1.5/lib/ruby/gems/2.1.0/gems/web-console-2.1.1/lib/web_console/templates/main.js within layouts/javascript (0.3ms)
  Rendered /opt/boxen/rbenv/versions/2.1.5/lib/ruby/gems/2.1.0/gems/web-console-2.1.1/lib/web_console/templates/error_page.js within layouts/javascript (0.4ms)
  Rendered /opt/boxen/rbenv/versions/2.1.5/lib/ruby/gems/2.1.0/gems/web-console-2.1.1/lib/web_console/templates/index.html (26.5ms)


Started POST "/v1/users" for 127.0.0.1 at 2015-03-06 20:12:58 -0800

ActionController::RoutingError (uninitialized constant V1::V1Controller):
  app/controllers/v1/users_controller.rb:2:in `<module:V1>'
  app/controllers/v1/users_controller.rb:1:in `<top (required)>'


  Rendered /opt/boxen/rbenv/versions/2.1.5/lib/ruby/gems/2.1.0/gems/actionpack-4.2.0/lib/action_dispatch/middleware/templates/rescues/_trace.html.erb (1.3ms)
  Rendered /opt/boxen/rbenv/versions/2.1.5/lib/ruby/gems/2.1.0/gems/actionpack-4.2.0/lib/action_dispatch/middleware/templates/routes/_route.html.erb (0.6ms)
  Rendered /opt/boxen/rbenv/versions/2.1.5/lib/ruby/gems/2.1.0/gems/actionpack-4.2.0/lib/action_dispatch/middleware/templates/routes/_table.html.erb (0.8ms)
  Rendered /opt/boxen/rbenv/versions/2.1.5/lib/ruby/gems/2.1.0/gems/actionpack-4.2.0/lib/action_dispatch/middleware/templates/rescues/_request_and_response.html.erb (1.4ms)
  Rendered /opt/boxen/rbenv/versions/2.1.5/lib/ruby/gems/2.1.0/gems/actionpack-4.2.0/lib/action_dispatch/middleware/templates/rescues/routing_error.html.erb within rescues/layout (21.0ms)
  Rendered /opt/boxen/rbenv/versions/2.1.5/lib/ruby/gems/2.1.0/gems/web-console-2.1.1/lib/web_console/templates/_markup.html (0.3ms)
  Rendered /opt/boxen/rbenv/versions/2.1.5/lib/ruby/gems/2.1.0/gems/web-console-2.1.1/lib/web_console/templates/style.css within layouts/inlined_string (0.3ms)
  Rendered /opt/boxen/rbenv/versions/2.1.5/lib/ruby/gems/2.1.0/gems/web-console-2.1.1/lib/web_console/templates/_inner_console_markup.html within layouts/inlined_string (0.2ms)
  Rendered /opt/boxen/rbenv/versions/2.1.5/lib/ruby/gems/2.1.0/gems/web-console-2.1.1/lib/web_console/templates/_prompt_box_markup.html within layouts/inlined_string (0.3ms)
  Rendered /opt/boxen/rbenv/versions/2.1.5/lib/ruby/gems/2.1.0/gems/web-console-2.1.1/lib/web_console/templates/console.js within layouts/javascript (13.1ms)
  Rendered /opt/boxen/rbenv/versions/2.1.5/lib/ruby/gems/2.1.0/gems/web-console-2.1.1/lib/web_console/templates/main.js within layouts/javascript (0.2ms)
  Rendered /opt/boxen/rbenv/versions/2.1.5/lib/ruby/gems/2.1.0/gems/web-console-2.1.1/lib/web_console/templates/error_page.js within layouts/javascript (0.3ms)
  Rendered /opt/boxen/rbenv/versions/2.1.5/lib/ruby/gems/2.1.0/gems/web-console-2.1.1/lib/web_console/templates/index.html (26.6ms)


Started POST "/v1/users" for 127.0.0.1 at 2015-03-06 20:13:27 -0800

ActionController::RoutingError (uninitialized constant V1::V1Controller):
  app/controllers/v1/users_controller.rb:2:in `<module:V1>'
  app/controllers/v1/users_controller.rb:1:in `<top (required)>'


  Rendered /opt/boxen/rbenv/versions/2.1.5/lib/ruby/gems/2.1.0/gems/actionpack-4.2.0/lib/action_dispatch/middleware/templates/rescues/_trace.html.erb (1.6ms)
  Rendered /opt/boxen/rbenv/versions/2.1.5/lib/ruby/gems/2.1.0/gems/actionpack-4.2.0/lib/action_dispatch/middleware/templates/routes/_route.html.erb (0.6ms)
  Rendered /opt/boxen/rbenv/versions/2.1.5/lib/ruby/gems/2.1.0/gems/actionpack-4.2.0/lib/action_dispatch/middleware/templates/routes/_table.html.erb (0.9ms)
  Rendered /opt/boxen/rbenv/versions/2.1.5/lib/ruby/gems/2.1.0/gems/actionpack-4.2.0/lib/action_dispatch/middleware/templates/rescues/_request_and_response.html.erb (0.8ms)
  Rendered /opt/boxen/rbenv/versions/2.1.5/lib/ruby/gems/2.1.0/gems/actionpack-4.2.0/lib/action_dispatch/middleware/templates/rescues/routing_error.html.erb within rescues/layout (18.5ms)
  Rendered /opt/boxen/rbenv/versions/2.1.5/lib/ruby/gems/2.1.0/gems/web-console-2.1.1/lib/web_console/templates/_markup.html (0.2ms)
  Rendered /opt/boxen/rbenv/versions/2.1.5/lib/ruby/gems/2.1.0/gems/web-console-2.1.1/lib/web_console/templates/style.css within layouts/inlined_string (0.2ms)
  Rendered /opt/boxen/rbenv/versions/2.1.5/lib/ruby/gems/2.1.0/gems/web-console-2.1.1/lib/web_console/templates/_inner_console_markup.html within layouts/inlined_string (0.2ms)
  Rendered /opt/boxen/rbenv/versions/2.1.5/lib/ruby/gems/2.1.0/gems/web-console-2.1.1/lib/web_console/templates/_prompt_box_markup.html within layouts/inlined_string (0.2ms)
  Rendered /opt/boxen/rbenv/versions/2.1.5/lib/ruby/gems/2.1.0/gems/web-console-2.1.1/lib/web_console/templates/console.js within layouts/javascript (11.2ms)
  Rendered /opt/boxen/rbenv/versions/2.1.5/lib/ruby/gems/2.1.0/gems/web-console-2.1.1/lib/web_console/templates/main.js within layouts/javascript (0.2ms)
  Rendered /opt/boxen/rbenv/versions/2.1.5/lib/ruby/gems/2.1.0/gems/web-console-2.1.1/lib/web_console/templates/error_page.js within layouts/javascript (0.3ms)
  Rendered /opt/boxen/rbenv/versions/2.1.5/lib/ruby/gems/2.1.0/gems/web-console-2.1.1/lib/web_console/templates/index.html (24.1ms)


Started POST "/v1/users.json" for 127.0.0.1 at 2015-03-06 20:13:30 -0800

ActionController::RoutingError (uninitialized constant V1::V1Controller):
  app/controllers/v1/users_controller.rb:2:in `<module:V1>'
  app/controllers/v1/users_controller.rb:1:in `<top (required)>'


  Rendered /opt/boxen/rbenv/versions/2.1.5/lib/ruby/gems/2.1.0/gems/actionpack-4.2.0/lib/action_dispatch/middleware/templates/rescues/_trace.html.erb (1.3ms)
  Rendered /opt/boxen/rbenv/versions/2.1.5/lib/ruby/gems/2.1.0/gems/actionpack-4.2.0/lib/action_dispatch/middleware/templates/routes/_route.html.erb (0.5ms)
  Rendered /opt/boxen/rbenv/versions/2.1.5/lib/ruby/gems/2.1.0/gems/actionpack-4.2.0/lib/action_dispatch/middleware/templates/routes/_table.html.erb (1.4ms)
  Rendered /opt/boxen/rbenv/versions/2.1.5/lib/ruby/gems/2.1.0/gems/actionpack-4.2.0/lib/action_dispatch/middleware/templates/rescues/_request_and_response.html.erb (1.0ms)
  Rendered /opt/boxen/rbenv/versions/2.1.5/lib/ruby/gems/2.1.0/gems/actionpack-4.2.0/lib/action_dispatch/middleware/templates/rescues/routing_error.html.erb within rescues/layout (20.5ms)
  Rendered /opt/boxen/rbenv/versions/2.1.5/lib/ruby/gems/2.1.0/gems/web-console-2.1.1/lib/web_console/templates/_markup.html (0.3ms)
  Rendered /opt/boxen/rbenv/versions/2.1.5/lib/ruby/gems/2.1.0/gems/web-console-2.1.1/lib/web_console/templates/style.css within layouts/inlined_string (0.2ms)
  Rendered /opt/boxen/rbenv/versions/2.1.5/lib/ruby/gems/2.1.0/gems/web-console-2.1.1/lib/web_console/templates/_inner_console_markup.html within layouts/inlined_string (0.2ms)
  Rendered /opt/boxen/rbenv/versions/2.1.5/lib/ruby/gems/2.1.0/gems/web-console-2.1.1/lib/web_console/templates/_prompt_box_markup.html within layouts/inlined_string (0.2ms)
  Rendered /opt/boxen/rbenv/versions/2.1.5/lib/ruby/gems/2.1.0/gems/web-console-2.1.1/lib/web_console/templates/console.js within layouts/javascript (12.4ms)
  Rendered /opt/boxen/rbenv/versions/2.1.5/lib/ruby/gems/2.1.0/gems/web-console-2.1.1/lib/web_console/templates/main.js within layouts/javascript (0.3ms)
  Rendered /opt/boxen/rbenv/versions/2.1.5/lib/ruby/gems/2.1.0/gems/web-console-2.1.1/lib/web_console/templates/error_page.js within layouts/javascript (0.3ms)
  Rendered /opt/boxen/rbenv/versions/2.1.5/lib/ruby/gems/2.1.0/gems/web-console-2.1.1/lib/web_console/templates/index.html (28.8ms)


Started POST "/v1/users.json" for 127.0.0.1 at 2015-03-06 20:13:34 -0800

ActionController::RoutingError (uninitialized constant V1::V1Controller):
  app/controllers/v1/users_controller.rb:2:in `<module:V1>'
  app/controllers/v1/users_controller.rb:1:in `<top (required)>'


  Rendered /opt/boxen/rbenv/versions/2.1.5/lib/ruby/gems/2.1.0/gems/actionpack-4.2.0/lib/action_dispatch/middleware/templates/rescues/_trace.html.erb (1.3ms)
  Rendered /opt/boxen/rbenv/versions/2.1.5/lib/ruby/gems/2.1.0/gems/actionpack-4.2.0/lib/action_dispatch/middleware/templates/routes/_route.html.erb (0.6ms)
  Rendered /opt/boxen/rbenv/versions/2.1.5/lib/ruby/gems/2.1.0/gems/actionpack-4.2.0/lib/action_dispatch/middleware/templates/routes/_table.html.erb (0.9ms)
  Rendered /opt/boxen/rbenv/versions/2.1.5/lib/ruby/gems/2.1.0/gems/actionpack-4.2.0/lib/action_dispatch/middleware/templates/rescues/_request_and_response.html.erb (1.0ms)
  Rendered /opt/boxen/rbenv/versions/2.1.5/lib/ruby/gems/2.1.0/gems/actionpack-4.2.0/lib/action_dispatch/middleware/templates/rescues/routing_error.html.erb within rescues/layout (18.9ms)
  Rendered /opt/boxen/rbenv/versions/2.1.5/lib/ruby/gems/2.1.0/gems/web-console-2.1.1/lib/web_console/templates/_markup.html (0.2ms)
  Rendered /opt/boxen/rbenv/versions/2.1.5/lib/ruby/gems/2.1.0/gems/web-console-2.1.1/lib/web_console/templates/style.css within layouts/inlined_string (0.2ms)
  Rendered /opt/boxen/rbenv/versions/2.1.5/lib/ruby/gems/2.1.0/gems/web-console-2.1.1/lib/web_console/templates/_inner_console_markup.html within layouts/inlined_string (0.2ms)
  Rendered /opt/boxen/rbenv/versions/2.1.5/lib/ruby/gems/2.1.0/gems/web-console-2.1.1/lib/web_console/templates/_prompt_box_markup.html within layouts/inlined_string (0.2ms)
  Rendered /opt/boxen/rbenv/versions/2.1.5/lib/ruby/gems/2.1.0/gems/web-console-2.1.1/lib/web_console/templates/console.js within layouts/javascript (10.9ms)
  Rendered /opt/boxen/rbenv/versions/2.1.5/lib/ruby/gems/2.1.0/gems/web-console-2.1.1/lib/web_console/templates/main.js within layouts/javascript (0.2ms)
  Rendered /opt/boxen/rbenv/versions/2.1.5/lib/ruby/gems/2.1.0/gems/web-console-2.1.1/lib/web_console/templates/error_page.js within layouts/javascript (0.3ms)
  Rendered /opt/boxen/rbenv/versions/2.1.5/lib/ruby/gems/2.1.0/gems/web-console-2.1.1/lib/web_console/templates/index.html (23.7ms)


Started POST "/v1/users" for 127.0.0.1 at 2015-03-06 20:13:49 -0800

ActionController::RoutingError (uninitialized constant V1::V1Controller):
  app/controllers/v1/users_controller.rb:2:in `<module:V1>'
  app/controllers/v1/users_controller.rb:1:in `<top (required)>'


  Rendered /opt/boxen/rbenv/versions/2.1.5/lib/ruby/gems/2.1.0/gems/actionpack-4.2.0/lib/action_dispatch/middleware/templates/rescues/_trace.html.erb (1.9ms)
  Rendered /opt/boxen/rbenv/versions/2.1.5/lib/ruby/gems/2.1.0/gems/actionpack-4.2.0/lib/action_dispatch/middleware/templates/routes/_route.html.erb (0.6ms)
  Rendered /opt/boxen/rbenv/versions/2.1.5/lib/ruby/gems/2.1.0/gems/actionpack-4.2.0/lib/action_dispatch/middleware/templates/routes/_table.html.erb (0.9ms)
  Rendered /opt/boxen/rbenv/versions/2.1.5/lib/ruby/gems/2.1.0/gems/actionpack-4.2.0/lib/action_dispatch/middleware/templates/rescues/_request_and_response.html.erb (0.9ms)
  Rendered /opt/boxen/rbenv/versions/2.1.5/lib/ruby/gems/2.1.0/gems/actionpack-4.2.0/lib/action_dispatch/middleware/templates/rescues/routing_error.html.erb within rescues/layout (20.1ms)
Cannot render console with content type multipart/form-dataAllowed content types: [#<Mime::Type:0x007fa7245998e0 @synonyms=["application/xhtml+xml"], @symbol=:html, @string="text/html">, #<Mime::Type:0x007fa724599480 @synonyms=[], @symbol=:text, @string="text/plain">, #<Mime::Type:0x007fa724590fb0 @synonyms=[], @symbol=:url_encoded_form, @string="application/x-www-form-urlencoded">]


Started POST "/v1/users" for 127.0.0.1 at 2015-03-06 20:14:44 -0800
Processing by V1::UsersController#create as JSON
  Parameters: {"user"=>{"email"=>"eric@eric.com"}}
Can't verify CSRF token authenticity
Completed 422 Unprocessable Entity in 1ms

ActionController::InvalidAuthenticityToken (ActionController::InvalidAuthenticityToken):
  actionpack (4.2.0) lib/action_controller/metal/request_forgery_protection.rb:181:in `handle_unverified_request'
  actionpack (4.2.0) lib/action_controller/metal/request_forgery_protection.rb:209:in `handle_unverified_request'
  actionpack (4.2.0) lib/action_controller/metal/request_forgery_protection.rb:204:in `verify_authenticity_token'
  activesupport (4.2.0) lib/active_support/callbacks.rb:427:in `block in make_lambda'
  activesupport (4.2.0) lib/active_support/callbacks.rb:163:in `call'
  activesupport (4.2.0) lib/active_support/callbacks.rb:163:in `block in halting'
  activesupport (4.2.0) lib/active_support/callbacks.rb:92:in `call'
  activesupport (4.2.0) lib/active_support/callbacks.rb:92:in `_run_callbacks'
  activesupport (4.2.0) lib/active_support/callbacks.rb:734:in `_run_process_action_callbacks'
  activesupport (4.2.0) lib/active_support/callbacks.rb:81:in `run_callbacks'
  actionpack (4.2.0) lib/abstract_controller/callbacks.rb:19:in `process_action'
  actionpack (4.2.0) lib/action_controller/metal/rescue.rb:29:in `process_action'
  actionpack (4.2.0) lib/action_controller/metal/instrumentation.rb:31:in `block in process_action'
  activesupport (4.2.0) lib/active_support/notifications.rb:164:in `block in instrument'
  activesupport (4.2.0) lib/active_support/notifications/instrumenter.rb:20:in `instrument'
  activesupport (4.2.0) lib/active_support/notifications.rb:164:in `instrument'
  actionpack (4.2.0) lib/action_controller/metal/instrumentation.rb:30:in `process_action'
  actionpack (4.2.0) lib/action_controller/metal/params_wrapper.rb:250:in `process_action'
  activerecord (4.2.0) lib/active_record/railties/controller_runtime.rb:18:in `process_action'
  actionpack (4.2.0) lib/abstract_controller/base.rb:137:in `process'
  actionview (4.2.0) lib/action_view/rendering.rb:30:in `process'
  actionpack (4.2.0) lib/action_controller/metal.rb:195:in `dispatch'
  actionpack (4.2.0) lib/action_controller/metal/rack_delegation.rb:13:in `dispatch'
  actionpack (4.2.0) lib/action_controller/metal.rb:236:in `block in action'
  actionpack (4.2.0) lib/action_dispatch/routing/route_set.rb:73:in `call'
  actionpack (4.2.0) lib/action_dispatch/routing/route_set.rb:73:in `dispatch'
  actionpack (4.2.0) lib/action_dispatch/routing/route_set.rb:42:in `serve'
  actionpack (4.2.0) lib/action_dispatch/journey/router.rb:43:in `block in serve'
  actionpack (4.2.0) lib/action_dispatch/journey/router.rb:30:in `each'
  actionpack (4.2.0) lib/action_dispatch/journey/router.rb:30:in `serve'
  actionpack (4.2.0) lib/action_dispatch/routing/route_set.rb:802:in `call'
  rack (1.6.0) lib/rack/etag.rb:24:in `call'
  rack (1.6.0) lib/rack/conditionalget.rb:38:in `call'
  rack (1.6.0) lib/rack/head.rb:13:in `call'
  actionpack (4.2.0) lib/action_dispatch/middleware/params_parser.rb:27:in `call'
  actionpack (4.2.0) lib/action_dispatch/middleware/flash.rb:260:in `call'
  rack (1.6.0) lib/rack/session/abstract/id.rb:225:in `context'
  rack (1.6.0) lib/rack/session/abstract/id.rb:220:in `call'
  actionpack (4.2.0) lib/action_dispatch/middleware/cookies.rb:560:in `call'
  activerecord (4.2.0) lib/active_record/query_cache.rb:36:in `call'
  activerecord (4.2.0) lib/active_record/connection_adapters/abstract/connection_pool.rb:647:in `call'
  activerecord (4.2.0) lib/active_record/migration.rb:378:in `call'
  actionpack (4.2.0) lib/action_dispatch/middleware/callbacks.rb:29:in `block in call'
  activesupport (4.2.0) lib/active_support/callbacks.rb:88:in `call'
  activesupport (4.2.0) lib/active_support/callbacks.rb:88:in `_run_callbacks'
  activesupport (4.2.0) lib/active_support/callbacks.rb:734:in `_run_call_callbacks'
  activesupport (4.2.0) lib/active_support/callbacks.rb:81:in `run_callbacks'
  actionpack (4.2.0) lib/action_dispatch/middleware/callbacks.rb:27:in `call'
  actionpack (4.2.0) lib/action_dispatch/middleware/reloader.rb:73:in `call'
  actionpack (4.2.0) lib/action_dispatch/middleware/remote_ip.rb:78:in `call'
  actionpack (4.2.0) lib/action_dispatch/middleware/debug_exceptions.rb:17:in `call'
  web-console (2.1.1) lib/web_console/middleware.rb:37:in `call'
  actionpack (4.2.0) lib/action_dispatch/middleware/show_exceptions.rb:30:in `call'
  railties (4.2.0) lib/rails/rack/logger.rb:38:in `call_app'
  railties (4.2.0) lib/rails/rack/logger.rb:20:in `block in call'
  activesupport (4.2.0) lib/active_support/tagged_logging.rb:68:in `block in tagged'
  activesupport (4.2.0) lib/active_support/tagged_logging.rb:26:in `tagged'
  activesupport (4.2.0) lib/active_support/tagged_logging.rb:68:in `tagged'
  railties (4.2.0) lib/rails/rack/logger.rb:20:in `call'
  actionpack (4.2.0) lib/action_dispatch/middleware/request_id.rb:21:in `call'
  rack (1.6.0) lib/rack/methodoverride.rb:22:in `call'
  rack (1.6.0) lib/rack/runtime.rb:18:in `call'
  activesupport (4.2.0) lib/active_support/cache/strategy/local_cache_middleware.rb:28:in `call'
  rack (1.6.0) lib/rack/lock.rb:17:in `call'
  actionpack (4.2.0) lib/action_dispatch/middleware/static.rb:113:in `call'
  rack (1.6.0) lib/rack/sendfile.rb:113:in `call'
  railties (4.2.0) lib/rails/engine.rb:518:in `call'
  railties (4.2.0) lib/rails/application.rb:164:in `call'
  rack (1.6.0) lib/rack/lock.rb:17:in `call'
  rack (1.6.0) lib/rack/content_length.rb:15:in `call'
  rack (1.6.0) lib/rack/handler/webrick.rb:89:in `service'
  /opt/boxen/rbenv/versions/2.1.5/lib/ruby/2.1.0/webrick/httpserver.rb:138:in `service'
  /opt/boxen/rbenv/versions/2.1.5/lib/ruby/2.1.0/webrick/httpserver.rb:94:in `run'
  /opt/boxen/rbenv/versions/2.1.5/lib/ruby/2.1.0/webrick/server.rb:295:in `block in start_thread'


  Rendered /opt/boxen/rbenv/versions/2.1.5/lib/ruby/gems/2.1.0/gems/actionpack-4.2.0/lib/action_dispatch/middleware/templates/rescues/_source.erb (3.9ms)
  Rendered /opt/boxen/rbenv/versions/2.1.5/lib/ruby/gems/2.1.0/gems/actionpack-4.2.0/lib/action_dispatch/middleware/templates/rescues/_trace.html.erb (1.4ms)
  Rendered /opt/boxen/rbenv/versions/2.1.5/lib/ruby/gems/2.1.0/gems/actionpack-4.2.0/lib/action_dispatch/middleware/templates/rescues/_request_and_response.html.erb (0.7ms)
  Rendered /opt/boxen/rbenv/versions/2.1.5/lib/ruby/gems/2.1.0/gems/actionpack-4.2.0/lib/action_dispatch/middleware/templates/rescues/diagnostics.html.erb within rescues/layout (17.4ms)
Cannot render console with content type multipart/form-dataAllowed content types: [#<Mime::Type:0x007fa7245998e0 @synonyms=["application/xhtml+xml"], @symbol=:html, @string="text/html">, #<Mime::Type:0x007fa724599480 @synonyms=[], @symbol=:text, @string="text/plain">, #<Mime::Type:0x007fa724590fb0 @synonyms=[], @symbol=:url_encoded_form, @string="application/x-www-form-urlencoded">]


Started POST "/v1/users" for 127.0.0.1 at 2015-03-06 20:14:54 -0800
Processing by V1::UsersController#create as JSON
  Parameters: {"user"=>{"email"=>"eric@eric.com"}}
Unpermitted parameter: email
  [1m[35m (0.1ms)[0m  BEGIN
  [1m[36mSQL (0.7ms)[0m  [1mINSERT INTO "users" ("created_at", "updated_at") VALUES ($1, $2) RETURNING "id"[0m  [["created_at", "2015-03-07 04:14:54.315590"], ["updated_at", "2015-03-07 04:14:54.315590"]]
  [1m[35m (0.5ms)[0m  COMMIT
Completed 200 OK in 14ms (Views: 0.4ms | ActiveRecord: 4.2ms)
  [1m[36m (5048.1ms)[0m  [1mDROP DATABASE IF EXISTS "db/narwhals_backend_dev"[0m
PG::ObjectInUse: ERROR:  database "db/narwhals_backend_dev" is being accessed by other users
DETAIL:  There is 1 other session using the database.
: DROP DATABASE IF EXISTS "db/narwhals_backend_dev"
  [1m[36m (116.5ms)[0m  [1mDROP DATABASE IF EXISTS "db/narwhals_backend_dev"[0m
  [1m[36m (436.8ms)[0m  [1mCREATE DATABASE "db/narwhals_backend_dev" ENCODING = 'utf8'[0m
  [1m[36m (3.4ms)[0m  [1mCREATE TABLE "schema_migrations" ("version" character varying NOT NULL) [0m
  [1m[35m (1.0ms)[0m  CREATE UNIQUE INDEX  "unique_schema_migrations" ON "schema_migrations"  ("version")
  [1m[36mActiveRecord::SchemaMigration Load (1.7ms)[0m  [1mSELECT "schema_migrations".* FROM "schema_migrations"[0m
Migrating to CreateUsers (20150307040846)
  [1m[35m (0.1ms)[0m  BEGIN
  [1m[36m (3.1ms)[0m  [1mCREATE TABLE "users" ("id" serial primary key, "email" character varying NOT NULL, "password" character varying NOT NULL, "access_token" character varying, "created_at" timestamp NOT NULL, "updated_at" timestamp NOT NULL) [0m
  [1m[35mSQL (0.2ms)[0m  INSERT INTO "schema_migrations" ("version") VALUES ($1)  [["version", "20150307040846"]]
  [1m[36m (0.5ms)[0m  [1mCOMMIT[0m
  [1m[35mActiveRecord::SchemaMigration Load (0.1ms)[0m  SELECT "schema_migrations".* FROM "schema_migrations"
  [1m[36m (1.8ms)[0m  [1mSELECT t2.oid::regclass::text AS to_table, a1.attname AS column, a2.attname AS primary_key, c.conname AS name, c.confupdtype AS on_update, c.confdeltype AS on_delete
FROM pg_constraint c
JOIN pg_class t1 ON c.conrelid = t1.oid
JOIN pg_class t2 ON c.confrelid = t2.oid
JOIN pg_attribute a1 ON a1.attnum = c.conkey[1] AND a1.attrelid = t1.oid
JOIN pg_attribute a2 ON a2.attnum = c.confkey[1] AND a2.attrelid = t2.oid
JOIN pg_namespace t3 ON c.connamespace = t3.oid
WHERE c.contype = 'f'
  AND t1.relname = 'users'
  AND t3.nspname = ANY (current_schemas(false))
ORDER BY c.conname
[0m


Started POST "/v1/users" for 127.0.0.1 at 2015-03-06 20:16:32 -0800
  [1m[36mActiveRecord::SchemaMigration Load (2.8ms)[0m  [1mSELECT "schema_migrations".* FROM "schema_migrations"[0m
Processing by V1::UsersController#create as JSON
  Parameters: {"user"=>{"email"=>"eric@eric.com"}}
Completed 500 Internal Server Error in 10ms

ArgumentError (Unknown key: :presence. Valid keys are: :on, :if, :unless, :prepend. Perhaps you meant to call `validates` instead of `validate`?):
  app/models/user.rb:2:in `<class:User>'
  app/models/user.rb:1:in `<top (required)>'
  app/controllers/v1/users_controller.rb:4:in `create'


  Rendered /opt/boxen/rbenv/versions/2.1.5/lib/ruby/gems/2.1.0/gems/actionpack-4.2.0/lib/action_dispatch/middleware/templates/rescues/_source.erb (4.0ms)
  Rendered /opt/boxen/rbenv/versions/2.1.5/lib/ruby/gems/2.1.0/gems/actionpack-4.2.0/lib/action_dispatch/middleware/templates/rescues/_trace.html.erb (1.7ms)
  Rendered /opt/boxen/rbenv/versions/2.1.5/lib/ruby/gems/2.1.0/gems/actionpack-4.2.0/lib/action_dispatch/middleware/templates/rescues/_request_and_response.html.erb (0.7ms)
  Rendered /opt/boxen/rbenv/versions/2.1.5/lib/ruby/gems/2.1.0/gems/actionpack-4.2.0/lib/action_dispatch/middleware/templates/rescues/diagnostics.html.erb within rescues/layout (16.4ms)
Cannot render console with content type multipart/form-dataAllowed content types: [#<Mime::Type:0x007ff255592398 @synonyms=["application/xhtml+xml"], @symbol=:html, @string="text/html">, #<Mime::Type:0x007ff2555920c8 @synonyms=[], @symbol=:text, @string="text/plain">, #<Mime::Type:0x007ff2555892c0 @synonyms=[], @symbol=:url_encoded_form, @string="application/x-www-form-urlencoded">]


Started POST "/v1/users" for 127.0.0.1 at 2015-03-06 20:16:44 -0800
Processing by V1::UsersController#create as JSON
  Parameters: {"user"=>{"email"=>"eric@eric.com"}}
Unpermitted parameter: email
  [1m[35m (0.1ms)[0m  BEGIN
  [1m[36m (0.1ms)[0m  [1mROLLBACK[0m
Completed 200 OK in 27ms (Views: 0.2ms | ActiveRecord: 2.6ms)


Started POST "/v1/users" for 127.0.0.1 at 2015-03-06 20:16:54 -0800
Processing by V1::UsersController#create as JSON
  Parameters: {"user"=>{"email"=>"eric@eric.com", "password"=>"[FILTERED]"}}
Unpermitted parameter: email
  [1m[35m (0.1ms)[0m  BEGIN
  [1m[36m (0.1ms)[0m  [1mROLLBACK[0m
Completed 200 OK in 3ms (Views: 0.1ms | ActiveRecord: 0.2ms)


Started POST "/v1/users" for 127.0.0.1 at 2015-03-06 20:17:02 -0800
Processing by V1::UsersController#create as JSON
  Parameters: {"user"=>{"email"=>"eric@eric.com", "password"=>"[FILTERED]"}}
  [1m[35m (0.1ms)[0m  BEGIN
  [1m[36mSQL (0.8ms)[0m  [1mINSERT INTO "users" ("email", "password", "created_at", "updated_at") VALUES ($1, $2, $3, $4) RETURNING "id"[0m  [["email", "eric@eric.com"], ["password", "hello"], ["created_at", "2015-03-07 04:17:02.849799"], ["updated_at", "2015-03-07 04:17:02.849799"]]
  [1m[35m (0.4ms)[0m  COMMIT
Completed 200 OK in 12ms (Views: 0.3ms | ActiveRecord: 2.8ms)
  [1m[36m (115.2ms)[0m  [1mDROP DATABASE IF EXISTS "db/narwhals_backend_dev"[0m
  [1m[36m (398.1ms)[0m  [1mCREATE DATABASE "db/narwhals_backend_dev" ENCODING = 'utf8'[0m
  [1m[36m (3.1ms)[0m  [1mCREATE TABLE "schema_migrations" ("version" character varying NOT NULL) [0m
  [1m[35m (0.9ms)[0m  CREATE UNIQUE INDEX  "unique_schema_migrations" ON "schema_migrations"  ("version")
  [1m[36mActiveRecord::SchemaMigration Load (1.6ms)[0m  [1mSELECT "schema_migrations".* FROM "schema_migrations"[0m
Migrating to CreateUsers (20150307040846)
  [1m[35m (0.1ms)[0m  BEGIN
  [1m[36m (3.4ms)[0m  [1mCREATE TABLE "users" ("id" serial primary key, "email" character varying NOT NULL, "password" character varying NOT NULL, "access_token" character varying, "session_token" character varying, "created_at" timestamp NOT NULL, "updated_at" timestamp NOT NULL) [0m
  [1m[35mSQL (0.2ms)[0m  INSERT INTO "schema_migrations" ("version") VALUES ($1)  [["version", "20150307040846"]]
  [1m[36m (0.5ms)[0m  [1mCOMMIT[0m
  [1m[35mActiveRecord::SchemaMigration Load (0.1ms)[0m  SELECT "schema_migrations".* FROM "schema_migrations"
  [1m[36m (2.0ms)[0m  [1mSELECT t2.oid::regclass::text AS to_table, a1.attname AS column, a2.attname AS primary_key, c.conname AS name, c.confupdtype AS on_update, c.confdeltype AS on_delete
FROM pg_constraint c
JOIN pg_class t1 ON c.conrelid = t1.oid
JOIN pg_class t2 ON c.confrelid = t2.oid
JOIN pg_attribute a1 ON a1.attnum = c.conkey[1] AND a1.attrelid = t1.oid
JOIN pg_attribute a2 ON a2.attnum = c.confkey[1] AND a2.attrelid = t2.oid
JOIN pg_namespace t3 ON c.connamespace = t3.oid
WHERE c.contype = 'f'
  AND t1.relname = 'users'
  AND t3.nspname = ANY (current_schemas(false))
ORDER BY c.conname
[0m
  [1m[36mUser Load (0.4ms)[0m  [1mSELECT  "users".* FROM "users" WHERE "users"."id" = $1 LIMIT 1[0m  [["id", nil]]
  [1m[36mActiveRecord::SchemaMigration Load (0.4ms)[0m  [1mSELECT "schema_migrations".* FROM "schema_migrations"[0m
  [1m[35mActiveRecord::SchemaMigration Load (0.1ms)[0m  SELECT "schema_migrations".* FROM "schema_migrations"
  [1m[36m (2.0ms)[0m  [1mSELECT t2.oid::regclass::text AS to_table, a1.attname AS column, a2.attname AS primary_key, c.conname AS name, c.confupdtype AS on_update, c.confdeltype AS on_delete
FROM pg_constraint c
JOIN pg_class t1 ON c.conrelid = t1.oid
JOIN pg_class t2 ON c.confrelid = t2.oid
JOIN pg_attribute a1 ON a1.attnum = c.conkey[1] AND a1.attrelid = t1.oid
JOIN pg_attribute a2 ON a2.attnum = c.confkey[1] AND a2.attrelid = t2.oid
JOIN pg_namespace t3 ON c.connamespace = t3.oid
WHERE c.contype = 'f'
  AND t1.relname = 'users'
  AND t3.nspname = ANY (current_schemas(false))
ORDER BY c.conname
[0m
  [1m[36m (114.7ms)[0m  [1mDROP DATABASE IF EXISTS "db/narwhals_backend_dev"[0m
  [1m[36m (396.9ms)[0m  [1mCREATE DATABASE "db/narwhals_backend_dev" ENCODING = 'utf8'[0m
  [1m[36m (3.5ms)[0m  [1mCREATE TABLE "schema_migrations" ("version" character varying NOT NULL) [0m
  [1m[35m (0.9ms)[0m  CREATE UNIQUE INDEX  "unique_schema_migrations" ON "schema_migrations"  ("version")
  [1m[36mActiveRecord::SchemaMigration Load (1.8ms)[0m  [1mSELECT "schema_migrations".* FROM "schema_migrations"[0m
Migrating to CreateUsers (20150307040846)
  [1m[35m (0.1ms)[0m  BEGIN
  [1m[36m (3.7ms)[0m  [1mCREATE TABLE "users" ("id" serial primary key, "email" character varying NOT NULL, "password" character varying NOT NULL, "access_token" character varying, "session_token" character varying, "created_at" timestamp NOT NULL, "updated_at" timestamp NOT NULL) [0m
  [1m[35mSQL (0.2ms)[0m  INSERT INTO "schema_migrations" ("version") VALUES ($1)  [["version", "20150307040846"]]
  [1m[36m (0.4ms)[0m  [1mCOMMIT[0m
  [1m[35mActiveRecord::SchemaMigration Load (0.1ms)[0m  SELECT "schema_migrations".* FROM "schema_migrations"
  [1m[36m (1.9ms)[0m  [1mSELECT t2.oid::regclass::text AS to_table, a1.attname AS column, a2.attname AS primary_key, c.conname AS name, c.confupdtype AS on_update, c.confdeltype AS on_delete
FROM pg_constraint c
JOIN pg_class t1 ON c.conrelid = t1.oid
JOIN pg_class t2 ON c.confrelid = t2.oid
JOIN pg_attribute a1 ON a1.attnum = c.conkey[1] AND a1.attrelid = t1.oid
JOIN pg_attribute a2 ON a2.attnum = c.confkey[1] AND a2.attrelid = t2.oid
JOIN pg_namespace t3 ON c.connamespace = t3.oid
WHERE c.contype = 'f'
  AND t1.relname = 'users'
  AND t3.nspname = ANY (current_schemas(false))
ORDER BY c.conname
[0m


Started POST "/v1/users" for 127.0.0.1 at 2015-03-06 20:36:08 -0800
  [1m[36mActiveRecord::SchemaMigration Load (0.3ms)[0m  [1mSELECT "schema_migrations".* FROM "schema_migrations"[0m
Processing by V1::UsersController#create as JSON
  Parameters: {"user"=>{"email"=>"eric@eric.com", "password"=>"[FILTERED]"}}
  [1m[35m (0.1ms)[0m  BEGIN
  [1m[36mUser Exists (0.7ms)[0m  [1mSELECT  1 AS one FROM "users" WHERE "users"."email" = 'eric@eric.com' LIMIT 1[0m
  [1m[35mUser Exists (0.2ms)[0m  SELECT  1 AS one FROM "users" WHERE "users"."session_token" IS NULL LIMIT 1
  [1m[36m (0.1ms)[0m  [1mROLLBACK[0m
Completed 200 OK in 57ms (Views: 0.2ms | ActiveRecord: 3.7ms)


Started POST "/v1/users" for 127.0.0.1 at 2015-03-06 20:36:09 -0800
Processing by V1::UsersController#create as JSON
  Parameters: {"user"=>{"email"=>"eric@eric.com", "password"=>"[FILTERED]"}}
  [1m[35m (0.1ms)[0m  BEGIN
  [1m[36mUser Exists (0.2ms)[0m  [1mSELECT  1 AS one FROM "users" WHERE "users"."email" = 'eric@eric.com' LIMIT 1[0m
  [1m[35mUser Exists (0.2ms)[0m  SELECT  1 AS one FROM "users" WHERE "users"."session_token" IS NULL LIMIT 1
  [1m[36m (0.1ms)[0m  [1mROLLBACK[0m
Completed 200 OK in 4ms (Views: 0.1ms | ActiveRecord: 0.6ms)


Started POST "/v1/users" for 127.0.0.1 at 2015-03-06 20:36:13 -0800
Processing by V1::UsersController#create as JSON
  Parameters: {"user"=>{"email"=>"eric@eric.com", "password"=>"[FILTERED]"}}
  [1m[35m (0.1ms)[0m  BEGIN
  [1m[36mUser Exists (0.2ms)[0m  [1mSELECT  1 AS one FROM "users" WHERE "users"."email" = 'eric@eric.com' LIMIT 1[0m
  [1m[35mUser Exists (0.2ms)[0m  SELECT  1 AS one FROM "users" WHERE "users"."session_token" IS NULL LIMIT 1
  [1m[36m (0.1ms)[0m  [1mROLLBACK[0m
Completed 200 OK in 4ms (Views: 0.2ms | ActiveRecord: 0.6ms)


Started POST "/v1/users" for 127.0.0.1 at 2015-03-06 20:36:15 -0800
Processing by V1::UsersController#create as JSON
  Parameters: {"user"=>{"email"=>"eric@eric.com", "password"=>"[FILTERED]"}}
  [1m[35m (0.1ms)[0m  BEGIN
  [1m[36mUser Exists (0.2ms)[0m  [1mSELECT  1 AS one FROM "users" WHERE "users"."email" = 'eric@eric.com' LIMIT 1[0m
  [1m[35mUser Exists (0.2ms)[0m  SELECT  1 AS one FROM "users" WHERE "users"."session_token" IS NULL LIMIT 1
  [1m[36m (0.1ms)[0m  [1mROLLBACK[0m
Completed 200 OK in 4ms (Views: 0.2ms | ActiveRecord: 0.6ms)


Started POST "/v1/users" for 127.0.0.1 at 2015-03-06 20:36:50 -0800
Processing by V1::UsersController#create as JSON
  Parameters: {"user"=>{"email"=>"eric@eric.com", "password"=>"[FILTERED]"}}
  [1m[35m (0.1ms)[0m  BEGIN
  [1m[36mUser Exists (0.2ms)[0m  [1mSELECT  1 AS one FROM "users" WHERE "users"."email" = 'eric@eric.com' LIMIT 1[0m
  [1m[35mUser Exists (0.2ms)[0m  SELECT  1 AS one FROM "users" WHERE "users"."session_token" IS NULL LIMIT 1
  [1m[36m (0.1ms)[0m  [1mROLLBACK[0m
Completed 200 OK in 14ms (Views: 0.3ms | ActiveRecord: 2.9ms)


Started POST "/v1/users" for 127.0.0.1 at 2015-03-06 20:37:04 -0800
Processing by V1::UsersController#create as JSON
  Parameters: {"user"=>{"email"=>"eric@eric.com", "password"=>"[FILTERED]"}}
  [1m[35m (0.1ms)[0m  BEGIN
  [1m[36mUser Exists (0.2ms)[0m  [1mSELECT  1 AS one FROM "users" WHERE "users"."email" = 'eric@eric.com' LIMIT 1[0m
  [1m[35mUser Exists (0.4ms)[0m  SELECT  1 AS one FROM "users" WHERE "users"."session_token" IS NULL LIMIT 1
  [1m[36m (0.1ms)[0m  [1mROLLBACK[0m
Completed 200 OK in 55ms (Views: 0.2ms | ActiveRecord: 2.4ms)


Started POST "/v1/users" for 127.0.0.1 at 2015-03-06 20:37:07 -0800
Processing by V1::UsersController#create as JSON
  Parameters: {"user"=>{"email"=>"eric@eric.com", "password"=>"[FILTERED]"}}
  [1m[35m (0.1ms)[0m  BEGIN
  [1m[36mUser Exists (0.2ms)[0m  [1mSELECT  1 AS one FROM "users" WHERE "users"."email" = 'eric@eric.com' LIMIT 1[0m
  [1m[35mUser Exists (0.2ms)[0m  SELECT  1 AS one FROM "users" WHERE "users"."session_token" IS NULL LIMIT 1
  [1m[36m (0.1ms)[0m  [1mROLLBACK[0m
Completed 200 OK in 5ms (Views: 0.2ms | ActiveRecord: 0.6ms)


Started POST "/v1/users" for 127.0.0.1 at 2015-03-06 20:37:35 -0800
Processing by V1::UsersController#create as JSON
  Parameters: {"user"=>{"email"=>"eric@eric.com", "password"=>"[FILTERED]"}}
  [1m[35m (0.1ms)[0m  BEGIN
  [1m[36mUser Exists (0.2ms)[0m  [1mSELECT  1 AS one FROM "users" WHERE "users"."email" = 'eric@eric.com' LIMIT 1[0m
  [1m[35mUser Exists (0.1ms)[0m  SELECT  1 AS one FROM "users" WHERE "users"."session_token" IS NULL LIMIT 1
  [1m[36m (0.1ms)[0m  [1mROLLBACK[0m
Completed 200 OK in 11ms (Views: 0.4ms | ActiveRecord: 1.9ms)


Started POST "/v1/users" for 127.0.0.1 at 2015-03-06 20:37:37 -0800
Processing by V1::UsersController#create as JSON
  Parameters: {"user"=>{"email"=>"eric@eric.com", "password"=>"[FILTERED]"}}
  [1m[35m (0.1ms)[0m  BEGIN
  [1m[36mUser Exists (0.2ms)[0m  [1mSELECT  1 AS one FROM "users" WHERE "users"."email" = 'eric@eric.com' LIMIT 1[0m
  [1m[35mUser Exists (0.1ms)[0m  SELECT  1 AS one FROM "users" WHERE "users"."session_token" IS NULL LIMIT 1
  [1m[36m (0.1ms)[0m  [1mROLLBACK[0m
Completed 200 OK in 4ms (Views: 0.2ms | ActiveRecord: 0.5ms)
  [1m[36m (118.3ms)[0m  [1mDROP DATABASE IF EXISTS "db/narwhals_backend_dev"[0m
  [1m[36m (397.3ms)[0m  [1mCREATE DATABASE "db/narwhals_backend_dev" ENCODING = 'utf8'[0m
  [1m[36m (3.5ms)[0m  [1mCREATE TABLE "schema_migrations" ("version" character varying NOT NULL) [0m
  [1m[35m (0.9ms)[0m  CREATE UNIQUE INDEX  "unique_schema_migrations" ON "schema_migrations"  ("version")
  [1m[36mActiveRecord::SchemaMigration Load (1.6ms)[0m  [1mSELECT "schema_migrations".* FROM "schema_migrations"[0m
Migrating to CreateUsers (20150307040846)
  [1m[35m (0.1ms)[0m  BEGIN
  [1m[36m (3.4ms)[0m  [1mCREATE TABLE "users" ("id" serial primary key, "email" character varying NOT NULL, "password" character varying NOT NULL, "access_token" character varying, "session_token" character varying, "created_at" timestamp NOT NULL, "updated_at" timestamp NOT NULL) [0m
  [1m[35mSQL (0.2ms)[0m  INSERT INTO "schema_migrations" ("version") VALUES ($1)  [["version", "20150307040846"]]
  [1m[36m (0.4ms)[0m  [1mCOMMIT[0m
  [1m[35mActiveRecord::SchemaMigration Load (0.1ms)[0m  SELECT "schema_migrations".* FROM "schema_migrations"
  [1m[36m (1.9ms)[0m  [1mSELECT t2.oid::regclass::text AS to_table, a1.attname AS column, a2.attname AS primary_key, c.conname AS name, c.confupdtype AS on_update, c.confdeltype AS on_delete
FROM pg_constraint c
JOIN pg_class t1 ON c.conrelid = t1.oid
JOIN pg_class t2 ON c.confrelid = t2.oid
JOIN pg_attribute a1 ON a1.attnum = c.conkey[1] AND a1.attrelid = t1.oid
JOIN pg_attribute a2 ON a2.attnum = c.confkey[1] AND a2.attrelid = t2.oid
JOIN pg_namespace t3 ON c.connamespace = t3.oid
WHERE c.contype = 'f'
  AND t1.relname = 'users'
  AND t3.nspname = ANY (current_schemas(false))
ORDER BY c.conname
[0m


Started POST "/v1/users" for 127.0.0.1 at 2015-03-06 20:38:38 -0800
  [1m[36mActiveRecord::SchemaMigration Load (0.4ms)[0m  [1mSELECT "schema_migrations".* FROM "schema_migrations"[0m
Processing by V1::UsersController#create as JSON
  Parameters: {"user"=>{"email"=>"eric@eric.com", "password"=>"[FILTERED]"}}
  [1m[35m (0.2ms)[0m  BEGIN
  [1m[36mUser Exists (0.6ms)[0m  [1mSELECT  1 AS one FROM "users" WHERE "users"."email" = 'eric@eric.com' LIMIT 1[0m
  [1m[35mUser Exists (0.1ms)[0m  SELECT  1 AS one FROM "users" WHERE "users"."session_token" = 'M3d8K2G5rNoHw5cxM5M4Tw' LIMIT 1
  [1m[36mSQL (0.3ms)[0m  [1mINSERT INTO "users" ("email", "password", "session_token", "created_at", "updated_at") VALUES ($1, $2, $3, $4, $5) RETURNING "id"[0m  [["email", "eric@eric.com"], ["password", "hello"], ["session_token", "M3d8K2G5rNoHw5cxM5M4Tw"], ["created_at", "2015-03-07 04:38:38.263184"], ["updated_at", "2015-03-07 04:38:38.263184"]]
  [1m[35m (1.0ms)[0m  COMMIT
  [1m[36m (0.1ms)[0m  [1mBEGIN[0m
  [1m[35mUser Exists (0.3ms)[0m  SELECT  1 AS one FROM "users" WHERE ("users"."email" = 'eric@eric.com' AND "users"."id" != 1) LIMIT 1
  [1m[36mUser Exists (0.1ms)[0m  [1mSELECT  1 AS one FROM "users" WHERE ("users"."session_token" = 'wHGdJC4_cQ67ZJoSim3-kQ' AND "users"."id" != 1) LIMIT 1[0m
  [1m[35mSQL (0.2ms)[0m  UPDATE "users" SET "session_token" = $1, "updated_at" = $2 WHERE "users"."id" = $3  [["session_token", "wHGdJC4_cQ67ZJoSim3-kQ"], ["updated_at", "2015-03-07 04:38:38.268310"], ["id", 1]]
  [1m[36m (0.4ms)[0m  [1mCOMMIT[0m
Completed 200 OK in 38ms (Views: 0.4ms | ActiveRecord: 5.9ms)


Started POST "/v1/users" for 127.0.0.1 at 2015-03-06 20:38:39 -0800
Processing by V1::UsersController#create as JSON
  Parameters: {"user"=>{"email"=>"eric@eric.com", "password"=>"[FILTERED]"}}
  [1m[35m (0.1ms)[0m  BEGIN
  [1m[36mUser Exists (0.2ms)[0m  [1mSELECT  1 AS one FROM "users" WHERE "users"."email" = 'eric@eric.com' LIMIT 1[0m
  [1m[35mUser Exists (0.2ms)[0m  SELECT  1 AS one FROM "users" WHERE "users"."session_token" = 'PfyfqYflHlt5Sl3Myr_umw' LIMIT 1
  [1m[36m (0.1ms)[0m  [1mROLLBACK[0m
Completed 200 OK in 7ms (Views: 0.1ms | ActiveRecord: 0.6ms)


Started POST "/v1/users" for 127.0.0.1 at 2015-03-06 20:38:40 -0800
Processing by V1::UsersController#create as JSON
  Parameters: {"user"=>{"email"=>"eric@eric.com", "password"=>"[FILTERED]"}}
  [1m[35m (0.1ms)[0m  BEGIN
  [1m[36mUser Exists (0.2ms)[0m  [1mSELECT  1 AS one FROM "users" WHERE "users"."email" = 'eric@eric.com' LIMIT 1[0m
  [1m[35mUser Exists (0.2ms)[0m  SELECT  1 AS one FROM "users" WHERE "users"."session_token" = 'i2EPfl05i-KmFsQFAdWWIw' LIMIT 1
  [1m[36m (0.1ms)[0m  [1mROLLBACK[0m
Completed 200 OK in 4ms (Views: 0.2ms | ActiveRecord: 0.7ms)


Started POST "/v1/users" for 127.0.0.1 at 2015-03-06 20:38:41 -0800
Processing by V1::UsersController#create as JSON
  Parameters: {"user"=>{"email"=>"eric@eric.com", "password"=>"[FILTERED]"}}
  [1m[35m (0.1ms)[0m  BEGIN
  [1m[36mUser Exists (0.2ms)[0m  [1mSELECT  1 AS one FROM "users" WHERE "users"."email" = 'eric@eric.com' LIMIT 1[0m
  [1m[35mUser Exists (0.2ms)[0m  SELECT  1 AS one FROM "users" WHERE "users"."session_token" = 'RmOpxAjwu4NngtVdVThaiQ' LIMIT 1
  [1m[36m (0.1ms)[0m  [1mROLLBACK[0m
Completed 200 OK in 4ms (Views: 0.2ms | ActiveRecord: 0.6ms)


Started POST "/v1/users" for 127.0.0.1 at 2015-03-06 20:38:41 -0800
Processing by V1::UsersController#create as JSON
  Parameters: {"user"=>{"email"=>"eric@eric.com", "password"=>"[FILTERED]"}}
  [1m[35m (0.2ms)[0m  BEGIN
  [1m[36mUser Exists (0.3ms)[0m  [1mSELECT  1 AS one FROM "users" WHERE "users"."email" = 'eric@eric.com' LIMIT 1[0m
  [1m[35mUser Exists (0.5ms)[0m  SELECT  1 AS one FROM "users" WHERE "users"."session_token" = '2E3zVIEevM2Ln7qbnE1wVw' LIMIT 1
  [1m[36m (0.1ms)[0m  [1mROLLBACK[0m
Completed 200 OK in 5ms (Views: 0.2ms | ActiveRecord: 1.0ms)


Started POST "/v1/users" for 127.0.0.1 at 2015-03-06 20:38:44 -0800
Processing by V1::UsersController#create as JSON
  Parameters: {"user"=>{"email"=>"eric@eric.com", "password"=>"[FILTERED]"}}
  [1m[35m (0.1ms)[0m  BEGIN
  [1m[36mUser Exists (0.2ms)[0m  [1mSELECT  1 AS one FROM "users" WHERE "users"."email" = 'eric@eric.com' LIMIT 1[0m
  [1m[35mUser Exists (0.2ms)[0m  SELECT  1 AS one FROM "users" WHERE "users"."session_token" = 'CkeYQAdSjwoQuqkpcIq4Zw' LIMIT 1
  [1m[36m (0.1ms)[0m  [1mROLLBACK[0m
Completed 200 OK in 4ms (Views: 0.2ms | ActiveRecord: 0.5ms)
  [1m[36m (114.5ms)[0m  [1mDROP DATABASE IF EXISTS "db/narwhals_backend_dev"[0m
  [1m[36m (433.7ms)[0m  [1mCREATE DATABASE "db/narwhals_backend_dev" ENCODING = 'utf8'[0m
  [1m[36m (4.8ms)[0m  [1mCREATE TABLE "schema_migrations" ("version" character varying NOT NULL) [0m
  [1m[35m (1.3ms)[0m  CREATE UNIQUE INDEX  "unique_schema_migrations" ON "schema_migrations"  ("version")
  [1m[36mActiveRecord::SchemaMigration Load (1.7ms)[0m  [1mSELECT "schema_migrations".* FROM "schema_migrations"[0m
Migrating to CreateUsers (20150307040846)
  [1m[35m (0.1ms)[0m  BEGIN
  [1m[36m (4.0ms)[0m  [1mCREATE TABLE "users" ("id" serial primary key, "email" character varying NOT NULL, "password" character varying NOT NULL, "access_token" character varying, "session_token" character varying, "created_at" timestamp NOT NULL, "updated_at" timestamp NOT NULL) [0m
  [1m[35mSQL (0.3ms)[0m  INSERT INTO "schema_migrations" ("version") VALUES ($1)  [["version", "20150307040846"]]
  [1m[36m (0.5ms)[0m  [1mCOMMIT[0m
  [1m[35mActiveRecord::SchemaMigration Load (0.1ms)[0m  SELECT "schema_migrations".* FROM "schema_migrations"
  [1m[36m (1.9ms)[0m  [1mSELECT t2.oid::regclass::text AS to_table, a1.attname AS column, a2.attname AS primary_key, c.conname AS name, c.confupdtype AS on_update, c.confdeltype AS on_delete
FROM pg_constraint c
JOIN pg_class t1 ON c.conrelid = t1.oid
JOIN pg_class t2 ON c.confrelid = t2.oid
JOIN pg_attribute a1 ON a1.attnum = c.conkey[1] AND a1.attrelid = t1.oid
JOIN pg_attribute a2 ON a2.attnum = c.confkey[1] AND a2.attrelid = t2.oid
JOIN pg_namespace t3 ON c.connamespace = t3.oid
WHERE c.contype = 'f'
  AND t1.relname = 'users'
  AND t3.nspname = ANY (current_schemas(false))
ORDER BY c.conname
[0m


Started POST "/v1/users" for 127.0.0.1 at 2015-03-06 20:39:27 -0800
  [1m[36mActiveRecord::SchemaMigration Load (0.4ms)[0m  [1mSELECT "schema_migrations".* FROM "schema_migrations"[0m
Processing by V1::UsersController#create as JSON
  Parameters: {"user"=>{"email"=>"eric@eric.com", "passwsord"=>"hhh"}}
Unpermitted parameter: passwsord
  [1m[35m (0.1ms)[0m  BEGIN
  [1m[36mUser Exists (0.6ms)[0m  [1mSELECT  1 AS one FROM "users" WHERE "users"."email" = 'eric@eric.com' LIMIT 1[0m
  [1m[35mUser Exists (0.2ms)[0m  SELECT  1 AS one FROM "users" WHERE "users"."session_token" = 'QnjSzm-Mp8RVrn4BXBAwGw' LIMIT 1
  [1m[36m (0.1ms)[0m  [1mROLLBACK[0m
Completed 200 OK in 32ms (Views: 0.2ms | ActiveRecord: 3.4ms)


Started POST "/v1/users" for 127.0.0.1 at 2015-03-06 20:39:28 -0800
Processing by V1::UsersController#create as JSON
  Parameters: {"user"=>{"email"=>"eric@eric.com", "passwsord"=>"hhh"}}
Unpermitted parameter: passwsord
  [1m[35m (0.1ms)[0m  BEGIN
  [1m[36mUser Exists (0.2ms)[0m  [1mSELECT  1 AS one FROM "users" WHERE "users"."email" = 'eric@eric.com' LIMIT 1[0m
  [1m[35mUser Exists (0.2ms)[0m  SELECT  1 AS one FROM "users" WHERE "users"."session_token" = 'Ih2KsYstZHO3woy1M_I12g' LIMIT 1
  [1m[36m (0.1ms)[0m  [1mROLLBACK[0m
Completed 200 OK in 5ms (Views: 0.2ms | ActiveRecord: 0.7ms)


Started POST "/v1/users" for 127.0.0.1 at 2015-03-06 20:39:28 -0800
Processing by V1::UsersController#create as JSON
  Parameters: {"user"=>{"email"=>"eric@eric.com", "passwsord"=>"hhh"}}
Unpermitted parameter: passwsord
  [1m[35m (0.1ms)[0m  BEGIN
  [1m[36mUser Exists (0.2ms)[0m  [1mSELECT  1 AS one FROM "users" WHERE "users"."email" = 'eric@eric.com' LIMIT 1[0m
  [1m[35mUser Exists (0.2ms)[0m  SELECT  1 AS one FROM "users" WHERE "users"."session_token" = 'adHPfFfqpyWyrb5NvxEDmg' LIMIT 1
  [1m[36m (0.1ms)[0m  [1mROLLBACK[0m
Completed 200 OK in 4ms (Views: 0.1ms | ActiveRecord: 0.6ms)


Started POST "/v1/users" for 127.0.0.1 at 2015-03-06 20:39:29 -0800
Processing by V1::UsersController#create as JSON
  Parameters: {"user"=>{"email"=>"eric@eric.com", "passwsord"=>"hhh"}}
Unpermitted parameter: passwsord
  [1m[35m (0.1ms)[0m  BEGIN
  [1m[36mUser Exists (0.2ms)[0m  [1mSELECT  1 AS one FROM "users" WHERE "users"."email" = 'eric@eric.com' LIMIT 1[0m
  [1m[35mUser Exists (0.2ms)[0m  SELECT  1 AS one FROM "users" WHERE "users"."session_token" = 'HtO0cGZ2nH4-CRPsTXrJew' LIMIT 1
  [1m[36m (0.1ms)[0m  [1mROLLBACK[0m
Completed 200 OK in 4ms (Views: 0.1ms | ActiveRecord: 0.6ms)


Started POST "/v1/users" for 127.0.0.1 at 2015-03-06 20:39:29 -0800
Processing by V1::UsersController#create as JSON
  Parameters: {"user"=>{"email"=>"eric@eric.com", "passwsord"=>"hhh"}}
Unpermitted parameter: passwsord
  [1m[35m (0.1ms)[0m  BEGIN
  [1m[36mUser Exists (0.2ms)[0m  [1mSELECT  1 AS one FROM "users" WHERE "users"."email" = 'eric@eric.com' LIMIT 1[0m
  [1m[35mUser Exists (0.2ms)[0m  SELECT  1 AS one FROM "users" WHERE "users"."session_token" = '4C-MZ5uSYXfuhNfdNr4tsA' LIMIT 1
  [1m[36m (0.1ms)[0m  [1mROLLBACK[0m
Completed 200 OK in 4ms (Views: 0.1ms | ActiveRecord: 0.6ms)


Started POST "/v1/users" for 127.0.0.1 at 2015-03-06 20:39:29 -0800
Processing by V1::UsersController#create as JSON
  Parameters: {"user"=>{"email"=>"eric@eric.com", "passwsord"=>"hhh"}}
Unpermitted parameter: passwsord
  [1m[35m (0.1ms)[0m  BEGIN
  [1m[36mUser Exists (0.2ms)[0m  [1mSELECT  1 AS one FROM "users" WHERE "users"."email" = 'eric@eric.com' LIMIT 1[0m
  [1m[35mUser Exists (0.2ms)[0m  SELECT  1 AS one FROM "users" WHERE "users"."session_token" = 'bXY9-KjUQIPTZHwnf0cOyw' LIMIT 1
  [1m[36m (0.1ms)[0m  [1mROLLBACK[0m
Completed 200 OK in 4ms (Views: 0.2ms | ActiveRecord: 0.5ms)


Started POST "/v1/users" for 127.0.0.1 at 2015-03-06 20:39:29 -0800
Processing by V1::UsersController#create as JSON
  Parameters: {"user"=>{"email"=>"eric@eric.com", "passwsord"=>"hhh"}}
Unpermitted parameter: passwsord
  [1m[35m (0.1ms)[0m  BEGIN
  [1m[36mUser Exists (0.3ms)[0m  [1mSELECT  1 AS one FROM "users" WHERE "users"."email" = 'eric@eric.com' LIMIT 1[0m
  [1m[35mUser Exists (0.2ms)[0m  SELECT  1 AS one FROM "users" WHERE "users"."session_token" = 'LPy9optnxWyZnEESkWBjJQ' LIMIT 1
  [1m[36m (0.1ms)[0m  [1mROLLBACK[0m
Completed 200 OK in 4ms (Views: 0.2ms | ActiveRecord: 0.6ms)


Started POST "/v1/users" for 127.0.0.1 at 2015-03-06 20:39:33 -0800
Processing by V1::UsersController#create as JSON
  Parameters: {"user"=>{"email"=>"eric@eric.com", "password"=>"[FILTERED]"}}
  [1m[35m (0.1ms)[0m  BEGIN
  [1m[36mUser Exists (0.2ms)[0m  [1mSELECT  1 AS one FROM "users" WHERE "users"."email" = 'eric@eric.com' LIMIT 1[0m
  [1m[35mUser Exists (0.2ms)[0m  SELECT  1 AS one FROM "users" WHERE "users"."session_token" = 'HMaZV4r9jpxq-V53v8Wn3g' LIMIT 1
  [1m[36mSQL (0.3ms)[0m  [1mINSERT INTO "users" ("email", "password", "session_token", "created_at", "updated_at") VALUES ($1, $2, $3, $4, $5) RETURNING "id"[0m  [["email", "eric@eric.com"], ["password", "hhh"], ["session_token", "HMaZV4r9jpxq-V53v8Wn3g"], ["created_at", "2015-03-07 04:39:34.001914"], ["updated_at", "2015-03-07 04:39:34.001914"]]
  [1m[35m (0.9ms)[0m  COMMIT
  [1m[36m (0.1ms)[0m  [1mBEGIN[0m
  [1m[35mUser Exists (0.3ms)[0m  SELECT  1 AS one FROM "users" WHERE ("users"."email" = 'eric@eric.com' AND "users"."id" != 1) LIMIT 1
  [1m[36mUser Exists (0.4ms)[0m  [1mSELECT  1 AS one FROM "users" WHERE ("users"."session_token" = 'fHjy-JLRWSIk4bkCvHbo0A' AND "users"."id" != 1) LIMIT 1[0m
  [1m[35mSQL (0.8ms)[0m  UPDATE "users" SET "session_token" = $1, "updated_at" = $2 WHERE "users"."id" = $3  [["session_token", "fHjy-JLRWSIk4bkCvHbo0A"], ["updated_at", "2015-03-07 04:39:34.007354"], ["id", 1]]
  [1m[36m (5.6ms)[0m  [1mCOMMIT[0m
Completed 200 OK in 21ms (Views: 0.3ms | ActiveRecord: 9.0ms)


Started POST "/v1/users" for 127.0.0.1 at 2015-03-06 20:39:35 -0800
Processing by V1::UsersController#create as JSON
  Parameters: {"user"=>{"email"=>"eric@eric.com", "password"=>"[FILTERED]"}}
  [1m[35m (0.1ms)[0m  BEGIN
  [1m[36mUser Exists (0.2ms)[0m  [1mSELECT  1 AS one FROM "users" WHERE "users"."email" = 'eric@eric.com' LIMIT 1[0m
  [1m[35mUser Exists (0.2ms)[0m  SELECT  1 AS one FROM "users" WHERE "users"."session_token" = 'DeIA0-ylqPto-XbIURX8_w' LIMIT 1
  [1m[36m (0.1ms)[0m  [1mROLLBACK[0m
Completed 200 OK in 4ms (Views: 0.1ms | ActiveRecord: 0.6ms)


Started POST "/v1/users" for 127.0.0.1 at 2015-03-06 20:39:35 -0800
Processing by V1::UsersController#create as JSON
  Parameters: {"user"=>{"email"=>"eric@eric.com", "password"=>"[FILTERED]"}}
  [1m[35m (0.1ms)[0m  BEGIN
  [1m[36mUser Exists (0.2ms)[0m  [1mSELECT  1 AS one FROM "users" WHERE "users"."email" = 'eric@eric.com' LIMIT 1[0m
  [1m[35mUser Exists (0.2ms)[0m  SELECT  1 AS one FROM "users" WHERE "users"."session_token" = 'WtiLWjrw_NozOSjUi3dnjw' LIMIT 1
  [1m[36m (0.1ms)[0m  [1mROLLBACK[0m
Completed 200 OK in 4ms (Views: 0.2ms | ActiveRecord: 0.6ms)


Started POST "/v1/users" for 127.0.0.1 at 2015-03-06 20:39:38 -0800
Processing by V1::UsersController#create as JSON
  Parameters: {"user"=>{"email"=>"eric@eric.com", "password"=>"[FILTERED]"}}
  [1m[35m (0.1ms)[0m  BEGIN
  [1m[36mUser Exists (0.2ms)[0m  [1mSELECT  1 AS one FROM "users" WHERE "users"."email" = 'eric@eric.com' LIMIT 1[0m
  [1m[35mUser Exists (0.2ms)[0m  SELECT  1 AS one FROM "users" WHERE "users"."session_token" = 'fAyxTU6nqaTQic9wZX5xNg' LIMIT 1
  [1m[36m (0.1ms)[0m  [1mROLLBACK[0m
Completed 200 OK in 4ms (Views: 0.1ms | ActiveRecord: 0.6ms)


Started POST "/v1/users" for 127.0.0.1 at 2015-03-06 20:39:38 -0800
Processing by V1::UsersController#create as JSON
  Parameters: {"user"=>{"email"=>"eric@eric.com", "password"=>"[FILTERED]"}}
  [1m[35m (0.1ms)[0m  BEGIN
  [1m[36mUser Exists (0.2ms)[0m  [1mSELECT  1 AS one FROM "users" WHERE "users"."email" = 'eric@eric.com' LIMIT 1[0m
  [1m[35mUser Exists (0.2ms)[0m  SELECT  1 AS one FROM "users" WHERE "users"."session_token" = 'R3uZnBNTRhJCIz6nhn-0qg' LIMIT 1
  [1m[36m (0.1ms)[0m  [1mROLLBACK[0m
Completed 200 OK in 4ms (Views: 0.1ms | ActiveRecord: 0.5ms)


Started POST "/v1/users" for 127.0.0.1 at 2015-03-06 20:39:38 -0800
Processing by V1::UsersController#create as JSON
  Parameters: {"user"=>{"email"=>"eric@eric.com", "password"=>"[FILTERED]"}}
  [1m[35m (0.1ms)[0m  BEGIN
  [1m[36mUser Exists (0.2ms)[0m  [1mSELECT  1 AS one FROM "users" WHERE "users"."email" = 'eric@eric.com' LIMIT 1[0m
  [1m[35mUser Exists (0.3ms)[0m  SELECT  1 AS one FROM "users" WHERE "users"."session_token" = 'GOrRRqnBYBRYJd48mHGWdg' LIMIT 1
  [1m[36m (0.1ms)[0m  [1mROLLBACK[0m
Completed 200 OK in 48ms (Views: 0.2ms | ActiveRecord: 0.7ms)


Started POST "/v1/users" for 127.0.0.1 at 2015-03-06 20:39:38 -0800
Processing by V1::UsersController#create as JSON
  Parameters: {"user"=>{"email"=>"eric@eric.com", "password"=>"[FILTERED]"}}
  [1m[35m (0.1ms)[0m  BEGIN
  [1m[36mUser Exists (0.2ms)[0m  [1mSELECT  1 AS one FROM "users" WHERE "users"."email" = 'eric@eric.com' LIMIT 1[0m
  [1m[35mUser Exists (0.4ms)[0m  SELECT  1 AS one FROM "users" WHERE "users"."session_token" = 'Rg_CKX40-lOkbIX733vH4A' LIMIT 1
  [1m[36m (0.3ms)[0m  [1mROLLBACK[0m
Completed 200 OK in 8ms (Views: 0.3ms | ActiveRecord: 1.0ms)


Started POST "/v1/users" for 127.0.0.1 at 2015-03-06 20:39:39 -0800
Processing by V1::UsersController#create as JSON
  Parameters: {"user"=>{"email"=>"eric@eric.com", "password"=>"[FILTERED]"}}
  [1m[35m (0.1ms)[0m  BEGIN
  [1m[36mUser Exists (0.2ms)[0m  [1mSELECT  1 AS one FROM "users" WHERE "users"."email" = 'eric@eric.com' LIMIT 1[0m
  [1m[35mUser Exists (0.2ms)[0m  SELECT  1 AS one FROM "users" WHERE "users"."session_token" = 'eYyrw919EGGo3MDLkdWcNA' LIMIT 1
  [1m[36m (0.1ms)[0m  [1mROLLBACK[0m
Completed 200 OK in 5ms (Views: 0.1ms | ActiveRecord: 0.6ms)


Started POST "/v1/users" for 127.0.0.1 at 2015-03-06 20:39:39 -0800
Processing by V1::UsersController#create as JSON
  Parameters: {"user"=>{"email"=>"eric@eric.com", "password"=>"[FILTERED]"}}
  [1m[35m (0.1ms)[0m  BEGIN
  [1m[36mUser Exists (0.2ms)[0m  [1mSELECT  1 AS one FROM "users" WHERE "users"."email" = 'eric@eric.com' LIMIT 1[0m
  [1m[35mUser Exists (0.2ms)[0m  SELECT  1 AS one FROM "users" WHERE "users"."session_token" = 'QFtvmap4SNZCRdxO0fDCbA' LIMIT 1
  [1m[36m (0.1ms)[0m  [1mROLLBACK[0m
Completed 200 OK in 5ms (Views: 0.1ms | ActiveRecord: 0.6ms)


Started POST "/v1/users" for 127.0.0.1 at 2015-03-06 20:39:45 -0800
Processing by V1::UsersController#create as JSON
  Parameters: {"user"=>{"email"=>"eric", "password"=>"[FILTERED]"}}
  [1m[35m (0.1ms)[0m  BEGIN
  [1m[36mUser Exists (0.2ms)[0m  [1mSELECT  1 AS one FROM "users" WHERE "users"."email" = 'eric' LIMIT 1[0m
  [1m[35mUser Exists (0.2ms)[0m  SELECT  1 AS one FROM "users" WHERE "users"."session_token" = 'VOOd_nv4Es8CjJKjBdj7Gg' LIMIT 1
  [1m[36mSQL (0.3ms)[0m  [1mINSERT INTO "users" ("email", "password", "session_token", "created_at", "updated_at") VALUES ($1, $2, $3, $4, $5) RETURNING "id"[0m  [["email", "eric"], ["password", "hello"], ["session_token", "VOOd_nv4Es8CjJKjBdj7Gg"], ["created_at", "2015-03-07 04:39:45.829913"], ["updated_at", "2015-03-07 04:39:45.829913"]]
  [1m[35m (0.8ms)[0m  COMMIT
  [1m[36m (0.1ms)[0m  [1mBEGIN[0m
  [1m[35mUser Exists (0.3ms)[0m  SELECT  1 AS one FROM "users" WHERE ("users"."email" = 'eric' AND "users"."id" != 2) LIMIT 1
  [1m[36mUser Exists (0.2ms)[0m  [1mSELECT  1 AS one FROM "users" WHERE ("users"."session_token" = 'q_ryJo_OT9EFxKIBaJUmcQ' AND "users"."id" != 2) LIMIT 1[0m
  [1m[35mSQL (0.2ms)[0m  UPDATE "users" SET "session_token" = $1, "updated_at" = $2 WHERE "users"."id" = $3  [["session_token", "q_ryJo_OT9EFxKIBaJUmcQ"], ["updated_at", "2015-03-07 04:39:45.834272"], ["id", 2]]
  [1m[36m (5.8ms)[0m  [1mCOMMIT[0m
Completed 200 OK in 14ms (Views: 0.2ms | ActiveRecord: 8.1ms)


Started POST "/v1/session" for 127.0.0.1 at 2015-03-06 20:40:01 -0800

ActionController::RoutingError (uninitialized constant V1::SessionsController):
  activesupport (4.2.0) lib/active_support/inflector/methods.rb:263:in `const_get'
  activesupport (4.2.0) lib/active_support/inflector/methods.rb:263:in `block in constantize'
  activesupport (4.2.0) lib/active_support/inflector/methods.rb:259:in `each'
  activesupport (4.2.0) lib/active_support/inflector/methods.rb:259:in `inject'
  activesupport (4.2.0) lib/active_support/inflector/methods.rb:259:in `constantize'
  actionpack (4.2.0) lib/action_dispatch/routing/route_set.rb:69:in `controller_reference'
  actionpack (4.2.0) lib/action_dispatch/routing/route_set.rb:59:in `controller'
  actionpack (4.2.0) lib/action_dispatch/routing/route_set.rb:38:in `serve'
  actionpack (4.2.0) lib/action_dispatch/journey/router.rb:43:in `block in serve'
  actionpack (4.2.0) lib/action_dispatch/journey/router.rb:30:in `each'
  actionpack (4.2.0) lib/action_dispatch/journey/router.rb:30:in `serve'
  actionpack (4.2.0) lib/action_dispatch/routing/route_set.rb:802:in `call'
  rack (1.6.0) lib/rack/etag.rb:24:in `call'
  rack (1.6.0) lib/rack/conditionalget.rb:38:in `call'
  rack (1.6.0) lib/rack/head.rb:13:in `call'
  actionpack (4.2.0) lib/action_dispatch/middleware/params_parser.rb:27:in `call'
  actionpack (4.2.0) lib/action_dispatch/middleware/flash.rb:260:in `call'
  rack (1.6.0) lib/rack/session/abstract/id.rb:225:in `context'
  rack (1.6.0) lib/rack/session/abstract/id.rb:220:in `call'
  actionpack (4.2.0) lib/action_dispatch/middleware/cookies.rb:560:in `call'
  activerecord (4.2.0) lib/active_record/query_cache.rb:36:in `call'
  activerecord (4.2.0) lib/active_record/connection_adapters/abstract/connection_pool.rb:647:in `call'
  activerecord (4.2.0) lib/active_record/migration.rb:378:in `call'
  actionpack (4.2.0) lib/action_dispatch/middleware/callbacks.rb:29:in `block in call'
  activesupport (4.2.0) lib/active_support/callbacks.rb:88:in `call'
  activesupport (4.2.0) lib/active_support/callbacks.rb:88:in `_run_callbacks'
  activesupport (4.2.0) lib/active_support/callbacks.rb:734:in `_run_call_callbacks'
  activesupport (4.2.0) lib/active_support/callbacks.rb:81:in `run_callbacks'
  actionpack (4.2.0) lib/action_dispatch/middleware/callbacks.rb:27:in `call'
  actionpack (4.2.0) lib/action_dispatch/middleware/reloader.rb:73:in `call'
  actionpack (4.2.0) lib/action_dispatch/middleware/remote_ip.rb:78:in `call'
  actionpack (4.2.0) lib/action_dispatch/middleware/debug_exceptions.rb:17:in `call'
  web-console (2.1.1) lib/web_console/middleware.rb:37:in `call'
  actionpack (4.2.0) lib/action_dispatch/middleware/show_exceptions.rb:30:in `call'
  railties (4.2.0) lib/rails/rack/logger.rb:38:in `call_app'
  railties (4.2.0) lib/rails/rack/logger.rb:20:in `block in call'
  activesupport (4.2.0) lib/active_support/tagged_logging.rb:68:in `block in tagged'
  activesupport (4.2.0) lib/active_support/tagged_logging.rb:26:in `tagged'
  activesupport (4.2.0) lib/active_support/tagged_logging.rb:68:in `tagged'
  railties (4.2.0) lib/rails/rack/logger.rb:20:in `call'
  actionpack (4.2.0) lib/action_dispatch/middleware/request_id.rb:21:in `call'
  rack (1.6.0) lib/rack/methodoverride.rb:22:in `call'
  rack (1.6.0) lib/rack/runtime.rb:18:in `call'
  activesupport (4.2.0) lib/active_support/cache/strategy/local_cache_middleware.rb:28:in `call'
  rack (1.6.0) lib/rack/lock.rb:17:in `call'
  actionpack (4.2.0) lib/action_dispatch/middleware/static.rb:113:in `call'
  rack (1.6.0) lib/rack/sendfile.rb:113:in `call'
  railties (4.2.0) lib/rails/engine.rb:518:in `call'
  railties (4.2.0) lib/rails/application.rb:164:in `call'
  rack (1.6.0) lib/rack/lock.rb:17:in `call'
  rack (1.6.0) lib/rack/content_length.rb:15:in `call'
  rack (1.6.0) lib/rack/handler/webrick.rb:89:in `service'
  /opt/boxen/rbenv/versions/2.1.5/lib/ruby/2.1.0/webrick/httpserver.rb:138:in `service'
  /opt/boxen/rbenv/versions/2.1.5/lib/ruby/2.1.0/webrick/httpserver.rb:94:in `run'
  /opt/boxen/rbenv/versions/2.1.5/lib/ruby/2.1.0/webrick/server.rb:295:in `block in start_thread'


  Rendered /opt/boxen/rbenv/versions/2.1.5/lib/ruby/gems/2.1.0/gems/actionpack-4.2.0/lib/action_dispatch/middleware/templates/rescues/_trace.html.erb (1.9ms)
  Rendered /opt/boxen/rbenv/versions/2.1.5/lib/ruby/gems/2.1.0/gems/actionpack-4.2.0/lib/action_dispatch/middleware/templates/routes/_route.html.erb (0.7ms)
  Rendered /opt/boxen/rbenv/versions/2.1.5/lib/ruby/gems/2.1.0/gems/actionpack-4.2.0/lib/action_dispatch/middleware/templates/routes/_table.html.erb (6.6ms)
  Rendered /opt/boxen/rbenv/versions/2.1.5/lib/ruby/gems/2.1.0/gems/actionpack-4.2.0/lib/action_dispatch/middleware/templates/rescues/_request_and_response.html.erb (1.6ms)
  Rendered /opt/boxen/rbenv/versions/2.1.5/lib/ruby/gems/2.1.0/gems/actionpack-4.2.0/lib/action_dispatch/middleware/templates/rescues/routing_error.html.erb within rescues/layout (32.5ms)
Cannot render console with content type multipart/form-dataAllowed content types: [#<Mime::Type:0x007f966cca99c8 @synonyms=["application/xhtml+xml"], @symbol=:html, @string="text/html">, #<Mime::Type:0x007f966cca9630 @synonyms=[], @symbol=:text, @string="text/plain">, #<Mime::Type:0x007f966cca10c0 @synonyms=[], @symbol=:url_encoded_form, @string="application/x-www-form-urlencoded">]


Started POST "/v1/session" for 127.0.0.1 at 2015-03-06 20:40:22 -0800
Processing by V1::SessionsController#create as JSON
  Parameters: {"user"=>{"email"=>"eric", "password"=>"[FILTERED]"}}
  [1m[35mUser Load (0.1ms)[0m  SELECT  "users".* FROM "users" WHERE "users"."email" = $1 AND "users"."password" = $2 LIMIT 1  [["email", "eric"], ["password", "helloz"]]
Completed 422 Unprocessable Entity in 6ms (Views: 0.2ms | ActiveRecord: 0.7ms)


Started POST "/v1/session" for 127.0.0.1 at 2015-03-06 20:40:23 -0800
Processing by V1::SessionsController#create as JSON
  Parameters: {"user"=>{"email"=>"eric", "password"=>"[FILTERED]"}}
  [1m[36mUser Load (1.9ms)[0m  [1mSELECT  "users".* FROM "users" WHERE "users"."email" = $1 AND "users"."password" = $2 LIMIT 1[0m  [["email", "eric"], ["password", "helloz"]]
Completed 422 Unprocessable Entity in 3ms (Views: 0.1ms | ActiveRecord: 1.9ms)


Started POST "/v1/session" for 127.0.0.1 at 2015-03-06 20:40:25 -0800
Processing by V1::SessionsController#create as JSON
  Parameters: {"user"=>{"email"=>"eric", "password"=>"[FILTERED]"}}
  [1m[35mUser Load (0.2ms)[0m  SELECT  "users".* FROM "users" WHERE "users"."email" = $1 AND "users"."password" = $2 LIMIT 1  [["email", "eric"], ["password", "eric"]]
Completed 422 Unprocessable Entity in 1ms (Views: 0.1ms | ActiveRecord: 0.2ms)


Started POST "/v1/users" for 127.0.0.1 at 2015-03-06 20:40:32 -0800
Processing by V1::UsersController#create as JSON
  Parameters: {"user"=>{"email"=>"e", "password"=>"[FILTERED]"}}
  [1m[36m (0.1ms)[0m  [1mBEGIN[0m
  [1m[35mUser Exists (0.2ms)[0m  SELECT  1 AS one FROM "users" WHERE "users"."email" = 'e' LIMIT 1
  [1m[36mUser Exists (0.2ms)[0m  [1mSELECT  1 AS one FROM "users" WHERE "users"."session_token" = 'h3OTmJRHTlTyRsXjTzKCyg' LIMIT 1[0m
  [1m[35mSQL (0.1ms)[0m  INSERT INTO "users" ("email", "password", "session_token", "created_at", "updated_at") VALUES ($1, $2, $3, $4, $5) RETURNING "id"  [["email", "e"], ["password", "e"], ["session_token", "h3OTmJRHTlTyRsXjTzKCyg"], ["created_at", "2015-03-07 04:40:32.206128"], ["updated_at", "2015-03-07 04:40:32.206128"]]
  [1m[36m (6.0ms)[0m  [1mCOMMIT[0m
  [1m[35m (0.1ms)[0m  BEGIN
  [1m[36mUser Exists (0.2ms)[0m  [1mSELECT  1 AS one FROM "users" WHERE ("users"."email" = 'e' AND "users"."id" != 3) LIMIT 1[0m
  [1m[35mUser Exists (0.2ms)[0m  SELECT  1 AS one FROM "users" WHERE ("users"."session_token" = 'HP0-auJdtJmMvn9hcjagCg' AND "users"."id" != 3) LIMIT 1
  [1m[36mSQL (0.2ms)[0m  [1mUPDATE "users" SET "session_token" = $1, "updated_at" = $2 WHERE "users"."id" = $3[0m  [["session_token", "HP0-auJdtJmMvn9hcjagCg"], ["updated_at", "2015-03-07 04:40:32.215011"], ["id", 3]]
  [1m[35m (5.8ms)[0m  COMMIT
Completed 200 OK in 26ms (Views: 0.5ms | ActiveRecord: 14.0ms)


Started POST "/v1/session" for 127.0.0.1 at 2015-03-06 20:40:36 -0800
Processing by V1::SessionsController#create as JSON
  Parameters: {"user"=>{"email"=>"e", "password"=>"[FILTERED]"}}
  [1m[36mUser Load (0.2ms)[0m  [1mSELECT  "users".* FROM "users" WHERE "users"."email" = $1 AND "users"."password" = $2 LIMIT 1[0m  [["email", "e"], ["password", "e"]]
  [1m[35m (0.1ms)[0m  BEGIN
  [1m[36mUser Exists (0.2ms)[0m  [1mSELECT  1 AS one FROM "users" WHERE ("users"."email" = 'e' AND "users"."id" != 3) LIMIT 1[0m
  [1m[35mUser Exists (0.1ms)[0m  SELECT  1 AS one FROM "users" WHERE ("users"."session_token" = '7Ul6dvNeLlNdTVFz7ZNMNg' AND "users"."id" != 3) LIMIT 1
  [1m[36mSQL (0.2ms)[0m  [1mUPDATE "users" SET "session_token" = $1, "updated_at" = $2 WHERE "users"."id" = $3[0m  [["session_token", "7Ul6dvNeLlNdTVFz7ZNMNg"], ["updated_at", "2015-03-07 04:40:36.298939"], ["id", 3]]
  [1m[35m (0.7ms)[0m  COMMIT
Completed 200 OK in 5ms (Views: 0.3ms | ActiveRecord: 1.4ms)


Started POST "/v1/session" for 127.0.0.1 at 2015-03-06 20:40:37 -0800
Processing by V1::SessionsController#create as JSON
  Parameters: {"user"=>{"email"=>"e", "password"=>"[FILTERED]"}}
  [1m[36mUser Load (0.3ms)[0m  [1mSELECT  "users".* FROM "users" WHERE "users"."email" = $1 AND "users"."password" = $2 LIMIT 1[0m  [["email", "e"], ["password", "e"]]
  [1m[35m (0.1ms)[0m  BEGIN
  [1m[36mUser Exists (0.2ms)[0m  [1mSELECT  1 AS one FROM "users" WHERE ("users"."email" = 'e' AND "users"."id" != 3) LIMIT 1[0m
  [1m[35mUser Exists (0.2ms)[0m  SELECT  1 AS one FROM "users" WHERE ("users"."session_token" = '3nLkH1NCVkgECzmZkvSujA' AND "users"."id" != 3) LIMIT 1
  [1m[36mSQL (0.2ms)[0m  [1mUPDATE "users" SET "session_token" = $1, "updated_at" = $2 WHERE "users"."id" = $3[0m  [["session_token", "3nLkH1NCVkgECzmZkvSujA"], ["updated_at", "2015-03-07 04:40:37.280740"], ["id", 3]]
  [1m[35m (0.7ms)[0m  COMMIT
Completed 200 OK in 5ms (Views: 0.2ms | ActiveRecord: 1.6ms)


Started POST "/v1/session" for 127.0.0.1 at 2015-03-06 20:40:39 -0800
Processing by V1::SessionsController#create as JSON
  Parameters: {"user"=>{"email"=>"e", "password"=>"[FILTERED]"}}
  [1m[36mUser Load (0.5ms)[0m  [1mSELECT  "users".* FROM "users" WHERE "users"."email" = $1 AND "users"."password" = $2 LIMIT 1[0m  [["email", "e"], ["password", "ez"]]
Completed 422 Unprocessable Entity in 2ms (Views: 0.2ms | ActiveRecord: 0.5ms)


Started POST "/v1/session" for 127.0.0.1 at 2015-03-06 20:41:23 -0800
Processing by V1::SessionsController#create as JSON
  Parameters: {"user"=>{"email"=>"e", "password"=>"[FILTERED]"}}
  [1m[35mUser Load (0.1ms)[0m  SELECT  "users".* FROM "users" WHERE "users"."email" = $1 AND "users"."password" = $2 LIMIT 1  [["email", "e"], ["password", "ez"]]
Completed 422 Unprocessable Entity in 1ms (Views: 0.1ms | ActiveRecord: 0.1ms)


Started POST "/v1/session" for 127.0.0.1 at 2015-03-06 20:43:20 -0800
Processing by V1::SessionsController#create as JSON
  Parameters: {"user"=>{"email"=>"e", "password"=>"[FILTERED]"}}
  [1m[36mUser Load (0.1ms)[0m  [1mSELECT  "users".* FROM "users" WHERE "users"."email" = $1 AND "users"."password" = $2 LIMIT 1[0m  [["email", "e"], ["password", "ez"]]
Completed 422 Unprocessable Entity in 5ms (Views: 0.3ms | ActiveRecord: 0.7ms)


Started POST "/v1/session" for 127.0.0.1 at 2015-03-06 20:43:21 -0800
Processing by V1::SessionsController#create as JSON
  Parameters: {"user"=>{"email"=>"e", "password"=>"[FILTERED]"}}
  [1m[35mUser Load (0.2ms)[0m  SELECT  "users".* FROM "users" WHERE "users"."email" = $1 AND "users"."password" = $2 LIMIT 1  [["email", "e"], ["password", "ez"]]
Completed 422 Unprocessable Entity in 1ms (Views: 0.1ms | ActiveRecord: 0.2ms)


Started POST "/v1/session" for 127.0.0.1 at 2015-03-06 20:43:22 -0800
Processing by V1::SessionsController#create as JSON
  Parameters: {"user"=>{"email"=>"e", "password"=>"[FILTERED]"}}
  [1m[36mUser Load (0.1ms)[0m  [1mSELECT  "users".* FROM "users" WHERE "users"."email" = $1 AND "users"."password" = $2 LIMIT 1[0m  [["email", "e"], ["password", "ez"]]
Completed 422 Unprocessable Entity in 1ms (Views: 0.1ms | ActiveRecord: 0.1ms)


Started DELETE "/v1/session" for 127.0.0.1 at 2015-03-06 20:43:28 -0800
Processing by V1::SessionsController#destroy as JSON
  Parameters: {"user"=>{"email"=>"eassadsa", "password"=>"[FILTERED]"}}
  [1m[35mUser Load (0.2ms)[0m  SELECT  "users".* FROM "users" WHERE "users"."session_token" = $1 LIMIT 1  [["session_token", "3nLkH1NCVkgECzmZkvSujA"]]
  [1m[36m (0.1ms)[0m  [1mBEGIN[0m
  [1m[35mUser Exists (0.2ms)[0m  SELECT  1 AS one FROM "users" WHERE ("users"."email" = 'e' AND "users"."id" != 3) LIMIT 1
  [1m[36mUser Exists (0.3ms)[0m  [1mSELECT  1 AS one FROM "users" WHERE ("users"."session_token" = 'BB_LMaOZqPRq5iUOAzJeBw' AND "users"."id" != 3) LIMIT 1[0m
  [1m[35mSQL (0.2ms)[0m  UPDATE "users" SET "session_token" = $1, "updated_at" = $2 WHERE "users"."id" = $3  [["session_token", "BB_LMaOZqPRq5iUOAzJeBw"], ["updated_at", "2015-03-07 04:43:28.926495"], ["id", 3]]
  [1m[36m (5.9ms)[0m  [1mCOMMIT[0m
Completed 200 OK in 15ms (Views: 0.1ms | ActiveRecord: 7.7ms)


Started POST "/v1/session" for 127.0.0.1 at 2015-03-06 20:43:36 -0800
Processing by V1::SessionsController#create as JSON
  Parameters: {"user"=>{"email"=>"e", "password"=>"[FILTERED]"}}
  [1m[35mUser Load (0.2ms)[0m  SELECT  "users".* FROM "users" WHERE "users"."email" = $1 AND "users"."password" = $2 LIMIT 1  [["email", "e"], ["password", "e"]]
  [1m[36m (0.1ms)[0m  [1mBEGIN[0m
  [1m[35mUser Exists (0.2ms)[0m  SELECT  1 AS one FROM "users" WHERE ("users"."email" = 'e' AND "users"."id" != 3) LIMIT 1
  [1m[36mUser Exists (0.2ms)[0m  [1mSELECT  1 AS one FROM "users" WHERE ("users"."session_token" = 'jz26EHVb4M1pQkDRyDx1Bg' AND "users"."id" != 3) LIMIT 1[0m
  [1m[35mSQL (0.1ms)[0m  UPDATE "users" SET "session_token" = $1, "updated_at" = $2 WHERE "users"."id" = $3  [["session_token", "jz26EHVb4M1pQkDRyDx1Bg"], ["updated_at", "2015-03-07 04:43:36.239195"], ["id", 3]]
  [1m[36m (0.3ms)[0m  [1mCOMMIT[0m
Completed 200 OK in 5ms (Views: 0.3ms | ActiveRecord: 1.1ms)
